0 info it worked if it ends with ok
1 verbose cli [ '/usr/bin/node', '/usr/bin/npm', 'install', 'mongodb', '-g' ]
2 info using npm@6.4.1
3 info using node@v8.16.1
4 verbose npm-session ea953d69114b57e4
5 silly install loadCurrentTree
6 silly install readGlobalPackageData
7 http fetch GET 304 https://registry.npmjs.org/mongodb 178ms (from cache)
8 silly pacote tag manifest for mongodb@latest fetched in 202ms
9 timing stage:loadCurrentTree Completed in 388ms
10 silly install loadIdealTree
11 silly install cloneCurrentTreeToIdealTree
12 timing stage:loadIdealTree:cloneCurrentTree Completed in 1ms
13 silly install loadShrinkwrap
14 timing stage:loadIdealTree:loadShrinkwrap Completed in 2ms
15 silly install loadAllDepsIntoIdealTree
16 silly resolveWithNewModule mongodb@3.3.2 checking installable status
17 http fetch GET 304 https://registry.npmjs.org/bson 44ms (from cache)
18 silly pacote range manifest for bson@^1.1.1 fetched in 55ms
19 silly resolveWithNewModule bson@1.1.1 checking installable status
20 http fetch GET 304 https://registry.npmjs.org/safe-buffer 71ms (from cache)
21 silly pacote range manifest for safe-buffer@^5.1.2 fetched in 80ms
22 silly resolveWithNewModule safe-buffer@5.2.0 checking installable status
23 http fetch GET 304 https://registry.npmjs.org/require_optional 83ms (from cache)
24 silly pacote range manifest for require_optional@^1.0.1 fetched in 84ms
25 silly resolveWithNewModule require_optional@1.0.1 checking installable status
26 http fetch GET 304 https://registry.npmjs.org/semver 34ms (from cache)
27 http fetch GET 304 https://registry.npmjs.org/resolve-from 36ms (from cache)
28 silly pacote range manifest for semver@^5.1.0 fetched in 42ms
29 silly resolveWithNewModule semver@5.7.1 checking installable status
30 silly pacote range manifest for resolve-from@^2.0.0 fetched in 42ms
31 silly resolveWithNewModule resolve-from@2.0.0 checking installable status
32 timing stage:loadIdealTree:loadAllDepsIntoIdealTree Completed in 144ms
33 timing stage:loadIdealTree Completed in 154ms
34 silly currentTree lib
35 silly idealTree lib
35 silly idealTree └─┬ mongodb@3.3.2
35 silly idealTree   ├── bson@1.1.1
35 silly idealTree   ├── require_optional@1.0.1
35 silly idealTree   ├── resolve-from@2.0.0
35 silly idealTree   ├── safe-buffer@5.2.0
35 silly idealTree   └── semver@5.7.1
36 silly install generateActionsToTake
37 warn checkPermissions Missing write access to /usr/lib/node_modules
38 timing stage:rollbackFailedOptional Completed in 1ms
39 timing stage:runTopLevelLifecycles Completed in 554ms
40 verbose stack Error: EACCES: permission denied, access '/usr/lib/node_modules'
41 verbose cwd /home/sm6336
42 verbose Linux 4.15.0-45-generic
43 verbose argv "/usr/bin/node" "/usr/bin/npm" "install" "mongodb" "-g"
44 verbose node v8.16.1
45 verbose npm  v6.4.1
46 error path /usr/lib/node_modules
47 error code EACCES
48 error errno -13
49 error syscall access
50 error Error: EACCES: permission denied, access '/usr/lib/node_modules'
50 error  { Error: EACCES: permission denied, access '/usr/lib/node_modules'
50 error   stack: 'Error: EACCES: permission denied, access \'/usr/lib/node_modules\'',
50 error   errno: -13,
50 error   code: 'EACCES',
50 error   syscall: 'access',
50 error   path: '/usr/lib/node_modules' }
51 error The operation was rejected by your operating system.
51 error It is likely you do not have the permissions to access this file as the current user
51 error
51 error If you believe this might be a permissions issue, please double-check the
51 error permissions of the file and its containing directories, or try running
51 error the command again as root/Administrator (though this is not recommended).
52 verbose exit [ -13, true ]
