0 info it worked if it ends with ok
1 verbose cli [ '/usr/bin/node',
1 verbose cli   '/usr/bin/npm',
1 verbose cli   'install',
1 verbose cli   'cookie-parser',
1 verbose cli   '-g' ]
2 info using npm@6.4.1
3 info using node@v8.16.1
4 verbose npm-session 494d58f4e4a16fa9
5 silly install loadCurrentTree
6 silly install readGlobalPackageData
7 http fetch GET 304 https://registry.npmjs.org/cookie-parser 170ms (from cache)
8 silly pacote tag manifest for cookie-parser@latest fetched in 187ms
9 timing stage:loadCurrentTree Completed in 383ms
10 silly install loadIdealTree
11 silly install cloneCurrentTreeToIdealTree
12 timing stage:loadIdealTree:cloneCurrentTree Completed in 0ms
13 silly install loadShrinkwrap
14 timing stage:loadIdealTree:loadShrinkwrap Completed in 3ms
15 silly install loadAllDepsIntoIdealTree
16 silly resolveWithNewModule cookie-parser@1.4.4 checking installable status
17 http fetch GET 304 https://registry.npmjs.org/cookie 45ms (from cache)
18 silly pacote version manifest for cookie@0.3.1 fetched in 48ms
19 silly resolveWithNewModule cookie@0.3.1 checking installable status
20 http fetch GET 304 https://registry.npmjs.org/cookie-signature 67ms (from cache)
21 silly pacote version manifest for cookie-signature@1.0.6 fetched in 69ms
22 silly resolveWithNewModule cookie-signature@1.0.6 checking installable status
23 timing stage:loadIdealTree:loadAllDepsIntoIdealTree Completed in 84ms
24 timing stage:loadIdealTree Completed in 90ms
25 silly currentTree lib
26 silly idealTree lib
26 silly idealTree └─┬ cookie-parser@1.4.4
26 silly idealTree   ├── cookie-signature@1.0.6
26 silly idealTree   └── cookie@0.3.1
27 silly install generateActionsToTake
28 warn checkPermissions Missing write access to /usr/lib/node_modules
29 timing stage:rollbackFailedOptional Completed in 0ms
30 timing stage:runTopLevelLifecycles Completed in 484ms
31 verbose stack Error: EACCES: permission denied, access '/usr/lib/node_modules'
32 verbose cwd /home/sm6336
33 verbose Linux 4.15.0-45-generic
34 verbose argv "/usr/bin/node" "/usr/bin/npm" "install" "cookie-parser" "-g"
35 verbose node v8.16.1
36 verbose npm  v6.4.1
37 error path /usr/lib/node_modules
38 error code EACCES
39 error errno -13
40 error syscall access
41 error Error: EACCES: permission denied, access '/usr/lib/node_modules'
41 error  { Error: EACCES: permission denied, access '/usr/lib/node_modules'
41 error   stack: 'Error: EACCES: permission denied, access \'/usr/lib/node_modules\'',
41 error   errno: -13,
41 error   code: 'EACCES',
41 error   syscall: 'access',
41 error   path: '/usr/lib/node_modules' }
42 error The operation was rejected by your operating system.
42 error It is likely you do not have the permissions to access this file as the current user
42 error
42 error If you believe this might be a permissions issue, please double-check the
42 error permissions of the file and its containing directories, or try running
42 error the command again as root/Administrator (though this is not recommended).
43 verbose exit [ -13, true ]
