0 info it worked if it ends with ok
1 verbose cli [ '/usr/bin/node', '/usr/bin/npm', 'install', 'mysql', '-g' ]
2 info using npm@6.4.1
3 info using node@v8.16.1
4 verbose npm-session 9af79b70e6eed34d
5 silly install loadCurrentTree
6 silly install readGlobalPackageData
7 http fetch GET 304 https://registry.npmjs.org/mysql 145ms (from cache)
8 silly pacote tag manifest for mysql@latest fetched in 162ms
9 timing stage:loadCurrentTree Completed in 342ms
10 silly install loadIdealTree
11 silly install cloneCurrentTreeToIdealTree
12 timing stage:loadIdealTree:cloneCurrentTree Completed in 0ms
13 silly install loadShrinkwrap
14 timing stage:loadIdealTree:loadShrinkwrap Completed in 3ms
15 silly install loadAllDepsIntoIdealTree
16 silly resolveWithNewModule mysql@2.17.1 checking installable status
17 http fetch GET 304 https://registry.npmjs.org/readable-stream 38ms (from cache)
18 silly pacote version manifest for readable-stream@2.3.6 fetched in 46ms
19 silly resolveWithNewModule readable-stream@2.3.6 checking installable status
20 http fetch GET 304 https://registry.npmjs.org/safe-buffer 90ms (from cache)
21 http fetch GET 304 https://registry.npmjs.org/bignumber.js 93ms (from cache)
22 silly pacote version manifest for safe-buffer@5.1.2 fetched in 92ms
23 silly resolveWithNewModule safe-buffer@5.1.2 checking installable status
24 http fetch GET 304 https://registry.npmjs.org/sqlstring 92ms (from cache)
25 silly pacote version manifest for bignumber.js@7.2.1 fetched in 96ms
26 silly resolveWithNewModule bignumber.js@7.2.1 checking installable status
27 silly pacote version manifest for sqlstring@2.3.1 fetched in 96ms
28 silly resolveWithNewModule sqlstring@2.3.1 checking installable status
29 http fetch GET 304 https://registry.npmjs.org/core-util-is 54ms (from cache)
30 http fetch GET 304 https://registry.npmjs.org/isarray 51ms (from cache)
31 http fetch GET 304 https://registry.npmjs.org/inherits 58ms (from cache)
32 http fetch GET 304 https://registry.npmjs.org/process-nextick-args 57ms (from cache)
33 silly pacote range manifest for core-util-is@~1.0.0 fetched in 64ms
34 silly resolveWithNewModule core-util-is@1.0.2 checking installable status
35 silly pacote range manifest for inherits@~2.0.3 fetched in 64ms
36 silly resolveWithNewModule inherits@2.0.4 checking installable status
37 silly pacote range manifest for process-nextick-args@~2.0.0 fetched in 63ms
38 silly resolveWithNewModule process-nextick-args@2.0.1 checking installable status
39 http fetch GET 304 https://registry.npmjs.org/util-deprecate 71ms (from cache)
40 http fetch GET 304 https://registry.npmjs.org/string_decoder 73ms (from cache)
41 silly pacote range manifest for util-deprecate@~1.0.1 fetched in 73ms
42 silly resolveWithNewModule util-deprecate@1.0.2 checking installable status
43 silly pacote range manifest for string_decoder@~1.1.1 fetched in 75ms
44 silly resolveWithNewModule string_decoder@1.1.1 checking installable status
45 http fetch GET 304 https://registry.npmjs.org/isarray/-/isarray-1.0.0.tgz 80ms (from cache)
46 silly pacote range manifest for isarray@~1.0.0 fetched in 140ms
47 silly resolveWithNewModule isarray@1.0.0 checking installable status
48 timing stage:loadIdealTree:loadAllDepsIntoIdealTree Completed in 264ms
49 timing stage:loadIdealTree Completed in 274ms
50 silly currentTree lib
51 silly idealTree lib
51 silly idealTree └─┬ mysql@2.17.1
51 silly idealTree   ├── bignumber.js@7.2.1
51 silly idealTree   ├── core-util-is@1.0.2
51 silly idealTree   ├── inherits@2.0.4
51 silly idealTree   ├── isarray@1.0.0
51 silly idealTree   ├── process-nextick-args@2.0.1
51 silly idealTree   ├── readable-stream@2.3.6
51 silly idealTree   ├── safe-buffer@5.1.2
51 silly idealTree   ├── sqlstring@2.3.1
51 silly idealTree   ├── string_decoder@1.1.1
51 silly idealTree   └── util-deprecate@1.0.2
52 silly install generateActionsToTake
53 warn checkPermissions Missing write access to /usr/lib/node_modules
54 timing stage:rollbackFailedOptional Completed in 1ms
55 timing stage:runTopLevelLifecycles Completed in 628ms
56 verbose stack Error: EACCES: permission denied, access '/usr/lib/node_modules'
57 verbose cwd /home/sm6336
58 verbose Linux 4.15.0-45-generic
59 verbose argv "/usr/bin/node" "/usr/bin/npm" "install" "mysql" "-g"
60 verbose node v8.16.1
61 verbose npm  v6.4.1
62 error path /usr/lib/node_modules
63 error code EACCES
64 error errno -13
65 error syscall access
66 error Error: EACCES: permission denied, access '/usr/lib/node_modules'
66 error  { Error: EACCES: permission denied, access '/usr/lib/node_modules'
66 error   stack: 'Error: EACCES: permission denied, access \'/usr/lib/node_modules\'',
66 error   errno: -13,
66 error   code: 'EACCES',
66 error   syscall: 'access',
66 error   path: '/usr/lib/node_modules' }
67 error The operation was rejected by your operating system.
67 error It is likely you do not have the permissions to access this file as the current user
67 error
67 error If you believe this might be a permissions issue, please double-check the
67 error permissions of the file and its containing directories, or try running
67 error the command again as root/Administrator (though this is not recommended).
68 verbose exit [ -13, true ]
