0 info it worked if it ends with ok
1 verbose cli [ '/usr/bin/node', '/usr/bin/npm', 'install', 'forever', '-g' ]
2 info using npm@6.4.1
3 info using node@v8.16.1
4 verbose npm-session 3770e45ce8fa3694
5 silly install loadCurrentTree
6 silly install readGlobalPackageData
7 http fetch GET 304 https://registry.npmjs.org/forever 155ms (from cache)
8 silly pacote tag manifest for forever@latest fetched in 171ms
9 timing stage:loadCurrentTree Completed in 360ms
10 silly install loadIdealTree
11 silly install cloneCurrentTreeToIdealTree
12 timing stage:loadIdealTree:cloneCurrentTree Completed in 0ms
13 silly install loadShrinkwrap
14 timing stage:loadIdealTree:loadShrinkwrap Completed in 2ms
15 silly install loadAllDepsIntoIdealTree
16 silly resolveWithNewModule forever@1.0.0 checking installable status
17 http fetch GET 304 https://registry.npmjs.org/async 56ms (from cache)
18 silly pacote range manifest for async@~0.2.9 fetched in 62ms
19 silly resolveWithNewModule async@0.2.10 checking installable status
20 http fetch GET 304 https://registry.npmjs.org/clone 134ms (from cache)
21 http fetch GET 304 https://registry.npmjs.org/optimist 73ms (from cache)
22 http fetch GET 304 https://registry.npmjs.org/flatiron 136ms (from cache)
23 http fetch GET 304 https://registry.npmjs.org/colors 177ms (from cache)
24 http fetch GET 304 https://registry.npmjs.org/nconf 178ms (from cache)
25 http fetch GET 304 https://registry.npmjs.org/forever-monitor 180ms (from cache)
26 silly pacote range manifest for optimist@~0.6.0 fetched in 121ms
27 silly resolveWithNewModule optimist@0.6.1 checking installable status
28 silly pacote range manifest for clone@^1.0.2 fetched in 184ms
29 silly resolveWithNewModule clone@1.0.4 checking installable status
30 silly pacote range manifest for flatiron@~0.4.2 fetched in 186ms
31 silly resolveWithNewModule flatiron@0.4.3 checking installable status
32 http fetch GET 304 https://registry.npmjs.org/mkdirp 186ms (from cache)
33 silly pacote range manifest for colors@~0.6.2 fetched in 190ms
34 silly resolveWithNewModule colors@0.6.2 checking installable status
35 http fetch GET 304 https://registry.npmjs.org/cliff 193ms (from cache)
36 http fetch GET 304 https://registry.npmjs.org/nssocket 189ms (from cache)
37 http fetch GET 304 https://registry.npmjs.org/object-assign 189ms (from cache)
38 silly pacote range manifest for nconf@~0.6.9 fetched in 192ms
39 silly resolveWithNewModule nconf@0.6.9 checking installable status
40 silly pacote range manifest for forever-monitor@~1.7.0 fetched in 197ms
41 silly resolveWithNewModule forever-monitor@1.7.1 checking installable status
42 silly pacote range manifest for mkdirp@0.x.x fetched in 208ms
43 silly resolveWithNewModule mkdirp@0.5.1 checking installable status
44 silly pacote range manifest for nssocket@~0.5.1 fetched in 211ms
45 silly resolveWithNewModule nssocket@0.5.3 checking installable status
46 silly pacote range manifest for object-assign@^3.0.0 fetched in 211ms
47 silly resolveWithNewModule object-assign@3.0.0 checking installable status
48 silly pacote range manifest for cliff@~0.1.9 fetched in 217ms
49 silly resolveWithNewModule cliff@0.1.10 checking installable status
50 http fetch GET 200 https://registry.npmjs.org/utile 28ms (from cache)
51 silly pacote range manifest for utile@~0.3.0 fetched in 32ms
52 silly resolveWithNewModule utile@0.3.0 checking installable status
53 http fetch GET 304 https://registry.npmjs.org/path-is-absolute 50ms (from cache)
54 http fetch GET 304 https://registry.npmjs.org/prettyjson 52ms (from cache)
55 silly pacote range manifest for path-is-absolute@~1.0.0 fetched in 53ms
56 silly resolveWithNewModule path-is-absolute@1.0.1 checking installable status
57 http fetch GET 304 https://registry.npmjs.org/shush 52ms (from cache)
58 silly pacote range manifest for prettyjson@^1.1.2 fetched in 55ms
59 silly resolveWithNewModule prettyjson@1.2.1 checking installable status
60 silly pacote range manifest for shush@^1.0.0 fetched in 55ms
61 silly resolveWithNewModule shush@1.0.0 checking installable status
62 http fetch GET 304 https://registry.npmjs.org/winston 53ms (from cache)
63 silly pacote range manifest for winston@~0.8.1 fetched in 55ms
64 silly resolveWithNewModule winston@0.8.3 checking installable status
65 silly pacote range manifest for colors@~1.0.3 fetched in 2ms
66 silly resolveWithNewModule colors@1.0.3 checking installable status
67 http fetch GET 304 https://registry.npmjs.org/eyes 32ms (from cache)
68 silly pacote range manifest for eyes@~0.1.8 fetched in 34ms
69 silly resolveWithNewModule eyes@0.1.8 checking installable status
70 http fetch GET 304 https://registry.npmjs.org/isstream 50ms (from cache)
71 http fetch GET 304 https://registry.npmjs.org/cycle 51ms (from cache)
72 silly pacote range manifest for isstream@0.1.x fetched in 53ms
73 silly resolveWithNewModule isstream@0.1.2 checking installable status
74 silly pacote range manifest for cycle@1.0.x fetched in 56ms
75 silly resolveWithNewModule cycle@1.0.3 checking installable status
76 http fetch GET 304 https://registry.npmjs.org/pkginfo 56ms (from cache)
77 http fetch GET 304 https://registry.npmjs.org/stack-trace 56ms (from cache)
78 silly pacote range manifest for pkginfo@0.3.x fetched in 58ms
79 silly resolveWithNewModule pkginfo@0.3.1 checking installable status
80 silly pacote range manifest for stack-trace@0.0.x fetched in 58ms
81 silly resolveWithNewModule stack-trace@0.0.10 checking installable status
82 silly pacote version manifest for optimist@0.6.0 fetched in 3ms
83 silly resolveWithNewModule optimist@0.6.0 checking installable status
84 http fetch GET 200 https://registry.npmjs.org/prompt 8ms (from cache)
85 silly pacote version manifest for prompt@0.2.14 fetched in 10ms
86 silly resolveWithNewModule prompt@0.2.14 checking installable status
87 http fetch GET 304 https://registry.npmjs.org/broadway 42ms (from cache)
88 silly pacote range manifest for broadway@~0.3.2 fetched in 45ms
89 silly resolveWithNewModule broadway@0.3.6 checking installable status
90 http fetch GET 304 https://registry.npmjs.org/director 46ms (from cache)
91 silly pacote version manifest for director@1.2.7 fetched in 47ms
92 silly resolveWithNewModule director@1.2.7 checking installable status
93 silly pacote version manifest for cliff@0.1.9 fetched in 3ms
94 silly resolveWithNewModule cliff@0.1.9 checking installable status
95 silly pacote version manifest for winston@0.8.0 fetched in 3ms
96 silly resolveWithNewModule winston@0.8.0 checking installable status
97 silly pacote version manifest for utile@0.2.1 fetched in 3ms
98 silly resolveWithNewModule utile@0.2.1 checking installable status
99 http fetch GET 304 https://registry.npmjs.org/eventemitter2 40ms (from cache)
100 silly pacote version manifest for eventemitter2@0.4.14 fetched in 43ms
101 silly resolveWithNewModule eventemitter2@0.4.14 checking installable status
102 silly pacote version manifest for async@0.2.9 fetched in 6ms
103 silly resolveWithNewModule async@0.2.9 checking installable status
104 silly pacote version manifest for optimist@0.6.0 fetched in 5ms
105 silly resolveWithNewModule optimist@0.6.0 checking installable status
106 http fetch GET 304 https://registry.npmjs.org/ini 43ms (from cache)
107 silly pacote range manifest for ini@1.x.x fetched in 44ms
108 silly resolveWithNewModule ini@1.3.5 checking installable status
109 http fetch GET 304 https://registry.npmjs.org/wordwrap 44ms (from cache)
110 silly pacote range manifest for wordwrap@~0.0.2 fetched in 46ms
111 silly resolveWithNewModule wordwrap@0.0.3 checking installable status
112 http fetch GET 304 https://registry.npmjs.org/minimist 46ms (from cache)
113 silly pacote range manifest for minimist@~0.0.1 fetched in 47ms
114 silly resolveWithNewModule minimist@0.0.10 checking installable status
115 http fetch GET 200 https://registry.npmjs.org/i 17ms (from cache)
116 http fetch GET 200 https://registry.npmjs.org/rimraf 18ms (from cache)
117 silly pacote range manifest for i@0.3.x fetched in 20ms
118 silly resolveWithNewModule i@0.3.6 checking installable status
119 silly pacote range manifest for rimraf@2.x.x fetched in 21ms
120 silly resolveWithNewModule rimraf@2.7.1 checking installable status
121 http fetch GET 304 https://registry.npmjs.org/ncp 47ms (from cache)
122 silly pacote range manifest for ncp@0.4.x fetched in 49ms
123 silly resolveWithNewModule ncp@0.4.2 checking installable status
124 http fetch GET 304 https://registry.npmjs.org/deep-equal 51ms (from cache)
125 silly pacote range manifest for deep-equal@* fetched in 52ms
126 silly resolveWithNewModule deep-equal@1.1.0 checking installable status
127 http fetch GET 304 https://registry.npmjs.org/is-arguments 56ms (from cache)
128 http fetch GET 304 https://registry.npmjs.org/is-regex 56ms (from cache)
129 http fetch GET 304 https://registry.npmjs.org/object-is 58ms (from cache)
130 http fetch GET 304 https://registry.npmjs.org/is-date-object 58ms (from cache)
131 http fetch GET 304 https://registry.npmjs.org/object-keys 58ms (from cache)
132 silly pacote range manifest for is-arguments@^1.0.4 fetched in 61ms
133 silly resolveWithNewModule is-arguments@1.0.4 checking installable status
134 http fetch GET 304 https://registry.npmjs.org/regexp.prototype.flags 60ms (from cache)
135 silly pacote range manifest for is-regex@^1.0.4 fetched in 62ms
136 silly resolveWithNewModule is-regex@1.0.4 checking installable status
137 silly pacote range manifest for object-is@^1.0.1 fetched in 63ms
138 silly resolveWithNewModule object-is@1.0.1 checking installable status
139 silly pacote range manifest for object-keys@^1.1.1 fetched in 63ms
140 silly resolveWithNewModule object-keys@1.1.1 checking installable status
141 silly pacote range manifest for is-date-object@^1.0.1 fetched in 65ms
142 silly resolveWithNewModule is-date-object@1.0.1 checking installable status
143 silly pacote range manifest for regexp.prototype.flags@^1.2.0 fetched in 65ms
144 silly resolveWithNewModule regexp.prototype.flags@1.2.0 checking installable status
145 http fetch GET 304 https://registry.npmjs.org/has 33ms (from cache)
146 silly pacote range manifest for has@^1.0.1 fetched in 35ms
147 silly resolveWithNewModule has@1.0.3 checking installable status
148 http fetch GET 304 https://registry.npmjs.org/function-bind 60ms (from cache)
149 silly pacote range manifest for function-bind@^1.1.1 fetched in 62ms
150 silly resolveWithNewModule function-bind@1.1.1 checking installable status
151 http fetch GET 304 https://registry.npmjs.org/define-properties 44ms (from cache)
152 silly pacote range manifest for define-properties@^1.1.2 fetched in 46ms
153 silly resolveWithNewModule define-properties@1.1.3 checking installable status
154 silly pacote version manifest for minimist@0.0.8 fetched in 1ms
155 silly resolveWithNewModule minimist@0.0.8 checking installable status
156 http fetch GET 304 https://registry.npmjs.org/glob 33ms (from cache)
157 silly pacote range manifest for glob@^7.1.3 fetched in 36ms
158 silly resolveWithNewModule glob@7.1.4 checking installable status
159 http fetch GET 304 https://registry.npmjs.org/fs.realpath 51ms (from cache)
160 http fetch GET 304 https://registry.npmjs.org/inherits 54ms (from cache)
161 silly pacote range manifest for fs.realpath@^1.0.0 fetched in 55ms
162 silly resolveWithNewModule fs.realpath@1.0.0 checking installable status
163 http fetch GET 304 https://registry.npmjs.org/minimatch 54ms (from cache)
164 http fetch GET 304 https://registry.npmjs.org/once 58ms (from cache)
165 silly pacote range manifest for minimatch@^3.0.4 fetched in 58ms
166 silly resolveWithNewModule minimatch@3.0.4 checking installable status
167 http fetch GET 304 https://registry.npmjs.org/inflight 60ms (from cache)
168 silly pacote range manifest for once@^1.3.0 fetched in 60ms
169 silly resolveWithNewModule once@1.4.0 checking installable status
170 silly pacote range manifest for inflight@^1.0.4 fetched in 62ms
171 silly resolveWithNewModule inflight@1.0.6 checking installable status
172 silly pacote range manifest for inherits@2 fetched in 66ms
173 silly resolveWithNewModule inherits@2.0.4 checking installable status
174 http fetch GET 304 https://registry.npmjs.org/wrappy 35ms (from cache)
175 silly pacote range manifest for wrappy@1 fetched in 36ms
176 silly resolveWithNewModule wrappy@1.0.2 checking installable status
177 http fetch GET 304 https://registry.npmjs.org/brace-expansion 39ms (from cache)
178 silly pacote range manifest for brace-expansion@^1.1.7 fetched in 41ms
179 silly resolveWithNewModule brace-expansion@1.1.11 checking installable status
180 http fetch GET 304 https://registry.npmjs.org/balanced-match 37ms (from cache)
181 silly pacote range manifest for balanced-match@^1.0.0 fetched in 38ms
182 silly resolveWithNewModule balanced-match@1.0.0 checking installable status
183 http fetch GET 304 https://registry.npmjs.org/concat-map 39ms (from cache)
184 silly pacote version manifest for concat-map@0.0.1 fetched in 40ms
185 silly resolveWithNewModule concat-map@0.0.1 checking installable status
186 silly pacote range manifest for utile@0.2.x fetched in 2ms
187 silly resolveWithNewModule utile@0.2.1 checking installable status
188 http fetch GET 200 https://registry.npmjs.org/revalidator 5ms (from cache)
189 silly pacote range manifest for revalidator@0.1.x fetched in 7ms
190 silly resolveWithNewModule revalidator@0.1.8 checking installable status
191 http fetch GET 304 https://registry.npmjs.org/read 34ms (from cache)
192 silly pacote range manifest for read@1.0.x fetched in 35ms
193 silly resolveWithNewModule read@1.0.7 checking installable status
194 http fetch GET 304 https://registry.npmjs.org/mute-stream 30ms (from cache)
195 silly pacote range manifest for mute-stream@~0.0.4 fetched in 33ms
196 silly resolveWithNewModule mute-stream@0.0.8 checking installable status
197 silly pacote range manifest for utile@~0.2.1 fetched in 1ms
198 silly resolveWithNewModule utile@0.2.1 checking installable status
199 http fetch GET 304 https://registry.npmjs.org/chokidar 34ms (from cache)
200 silly pacote range manifest for chokidar@^1.0.1 fetched in 39ms
201 silly resolveWithNewModule chokidar@1.7.0 checking installable status
202 http fetch GET 304 https://registry.npmjs.org/ps-tree 42ms (from cache)
203 silly pacote range manifest for ps-tree@0.0.x fetched in 44ms
204 silly resolveWithNewModule ps-tree@0.0.3 checking installable status
205 http fetch GET 304 https://registry.npmjs.org/anymatch 64ms (from cache)
206 http fetch GET 304 https://registry.npmjs.org/glob-parent 68ms (from cache)
207 silly pacote range manifest for anymatch@^1.3.0 fetched in 70ms
208 silly resolveWithNewModule anymatch@1.3.2 checking installable status
209 http fetch GET 304 https://registry.npmjs.org/async-each 72ms (from cache)
210 http fetch GET 304 https://registry.npmjs.org/is-binary-path 74ms (from cache)
211 silly pacote range manifest for glob-parent@^2.0.0 fetched in 76ms
212 silly resolveWithNewModule glob-parent@2.0.0 checking installable status
213 silly pacote range manifest for async-each@^1.0.0 fetched in 78ms
214 silly resolveWithNewModule async-each@1.0.3 checking installable status
215 http fetch GET 304 https://registry.npmjs.org/readdirp 78ms (from cache)
216 http fetch GET 304 https://registry.npmjs.org/is-glob 79ms (from cache)
217 http fetch GET 304 https://registry.npmjs.org/fsevents 79ms (from cache)
218 silly pacote range manifest for is-binary-path@^1.0.0 fetched in 82ms
219 silly resolveWithNewModule is-binary-path@1.0.1 checking installable status
220 silly pacote range manifest for readdirp@^2.0.0 fetched in 82ms
221 silly resolveWithNewModule readdirp@2.2.1 checking installable status
222 silly pacote range manifest for is-glob@^2.0.0 fetched in 83ms
223 silly resolveWithNewModule is-glob@2.0.1 checking installable status
224 silly pacote range manifest for fsevents@^1.0.0 fetched in 84ms
225 silly resolveWithNewModule fsevents@1.2.9 checking installable status
226 silly tarball trying https://registry.npmjs.org/fsevents/-/fsevents-1.2.9.tgz by hash: sha512-oeyj2H3EjjonWcFjD5NvZNE9Rqe4UW+nQBU2HNeKw0koVLEFIhtyETyAakeAM3de7Z/SW5kcA+fZUait9EApnw==
227 silly extract https://registry.npmjs.org/fsevents/-/fsevents-1.2.9.tgz extracted to /tmp/npm-29641-0a5d8f83/unpack-b4687abd (223ms)
228 silly addBundled read tarball
229 silly cleanup remove extracted module
230 http fetch GET 304 https://registry.npmjs.org/normalize-path 39ms (from cache)
231 http fetch GET 304 https://registry.npmjs.org/micromatch 40ms (from cache)
232 silly pacote range manifest for normalize-path@^2.0.0 fetched in 43ms
233 silly resolveWithNewModule normalize-path@2.1.1 checking installable status
234 silly pacote range manifest for micromatch@^2.1.5 fetched in 44ms
235 silly resolveWithNewModule micromatch@2.3.11 checking installable status
236 http fetch GET 304 https://registry.npmjs.org/array-unique 58ms (from cache)
237 silly pacote range manifest for array-unique@^0.2.1 fetched in 62ms
238 silly resolveWithNewModule array-unique@0.2.1 checking installable status
239 http fetch GET 304 https://registry.npmjs.org/expand-brackets 70ms (from cache)
240 http fetch GET 304 https://registry.npmjs.org/extglob 71ms (from cache)
241 http fetch GET 304 https://registry.npmjs.org/filename-regex 72ms (from cache)
242 http fetch GET 304 https://registry.npmjs.org/arr-diff 75ms (from cache)
243 http fetch GET 304 https://registry.npmjs.org/is-extglob 74ms (from cache)
244 http fetch GET 304 https://registry.npmjs.org/object.omit 73ms (from cache)
245 http fetch GET 304 https://registry.npmjs.org/braces 75ms (from cache)
246 http fetch GET 304 https://registry.npmjs.org/kind-of 75ms (from cache)
247 silly pacote range manifest for expand-brackets@^0.1.4 fetched in 77ms
248 silly resolveWithNewModule expand-brackets@0.1.5 checking installable status
249 silly pacote range manifest for extglob@^0.3.1 fetched in 78ms
250 silly resolveWithNewModule extglob@0.3.2 checking installable status
251 http fetch GET 304 https://registry.npmjs.org/parse-glob 79ms (from cache)
252 silly pacote range manifest for filename-regex@^2.0.0 fetched in 82ms
253 silly resolveWithNewModule filename-regex@2.0.1 checking installable status
254 silly pacote range manifest for arr-diff@^2.0.0 fetched in 84ms
255 silly resolveWithNewModule arr-diff@2.0.0 checking installable status
256 silly pacote range manifest for is-extglob@^1.0.0 fetched in 83ms
257 silly resolveWithNewModule is-extglob@1.0.0 checking installable status
258 silly pacote range manifest for object.omit@^2.0.0 fetched in 83ms
259 silly resolveWithNewModule object.omit@2.0.1 checking installable status
260 silly pacote range manifest for braces@^1.8.2 fetched in 86ms
261 silly resolveWithNewModule braces@1.8.5 checking installable status
262 silly pacote range manifest for kind-of@^3.0.2 fetched in 89ms
263 silly resolveWithNewModule kind-of@3.2.2 checking installable status
264 silly pacote range manifest for parse-glob@^3.0.4 fetched in 90ms
265 silly resolveWithNewModule parse-glob@3.0.4 checking installable status
266 http fetch GET 304 https://registry.npmjs.org/regex-cache 34ms (from cache)
267 silly pacote range manifest for regex-cache@^0.4.2 fetched in 36ms
268 silly resolveWithNewModule regex-cache@0.4.4 checking installable status
269 http fetch GET 304 https://registry.npmjs.org/arr-flatten 162ms (from cache)
270 silly pacote range manifest for arr-flatten@^1.0.1 fetched in 164ms
271 silly resolveWithNewModule arr-flatten@1.1.0 checking installable status
272 http fetch GET 304 https://registry.npmjs.org/expand-range 39ms (from cache)
273 http fetch GET 304 https://registry.npmjs.org/preserve 39ms (from cache)
274 silly pacote range manifest for expand-range@^1.8.1 fetched in 41ms
275 silly resolveWithNewModule expand-range@1.8.2 checking installable status
276 silly pacote range manifest for preserve@^0.2.0 fetched in 41ms
277 silly resolveWithNewModule preserve@0.2.0 checking installable status
278 http fetch GET 304 https://registry.npmjs.org/repeat-element 42ms (from cache)
279 silly pacote range manifest for repeat-element@^1.1.2 fetched in 44ms
280 silly resolveWithNewModule repeat-element@1.1.3 checking installable status
281 http fetch GET 304 https://registry.npmjs.org/fill-range 29ms (from cache)
282 silly pacote range manifest for fill-range@^2.1.0 fetched in 30ms
283 silly resolveWithNewModule fill-range@2.2.4 checking installable status
284 http fetch GET 304 https://registry.npmjs.org/isobject 35ms (from cache)
285 http fetch GET 304 https://registry.npmjs.org/is-number 37ms (from cache)
286 silly pacote range manifest for isobject@^2.0.0 fetched in 38ms
287 silly resolveWithNewModule isobject@2.1.0 checking installable status
288 silly pacote range manifest for is-number@^2.1.0 fetched in 41ms
289 silly resolveWithNewModule is-number@2.1.0 checking installable status
290 http fetch GET 304 https://registry.npmjs.org/repeat-string 41ms (from cache)
291 silly pacote range manifest for repeat-string@^1.5.2 fetched in 42ms
292 silly resolveWithNewModule repeat-string@1.6.1 checking installable status
293 http fetch GET 304 https://registry.npmjs.org/randomatic 43ms (from cache)
294 silly pacote range manifest for randomatic@^3.0.0 fetched in 44ms
295 silly resolveWithNewModule randomatic@3.1.1 checking installable status
296 http fetch GET 304 https://registry.npmjs.org/is-buffer 27ms (from cache)
297 silly pacote range manifest for is-buffer@^1.1.5 fetched in 30ms
298 silly resolveWithNewModule is-buffer@1.1.6 checking installable status
299 http fetch GET 304 https://registry.npmjs.org/isarray 31ms (from cache)
300 silly pacote version manifest for isarray@1.0.0 fetched in 32ms
301 silly resolveWithNewModule isarray@1.0.0 checking installable status
302 silly pacote range manifest for is-number@^4.0.0 fetched in 2ms
303 silly resolveWithNewModule is-number@4.0.0 checking installable status
304 silly pacote range manifest for kind-of@^6.0.0 fetched in 3ms
305 silly resolveWithNewModule kind-of@6.0.2 checking installable status
306 http fetch GET 304 https://registry.npmjs.org/math-random 32ms (from cache)
307 silly pacote range manifest for math-random@^1.0.1 fetched in 38ms
308 silly resolveWithNewModule math-random@1.0.4 checking installable status
309 http fetch GET 304 https://registry.npmjs.org/is-posix-bracket 31ms (from cache)
310 silly pacote range manifest for is-posix-bracket@^0.1.0 fetched in 32ms
311 silly resolveWithNewModule is-posix-bracket@0.1.1 checking installable status
312 http fetch GET 304 https://registry.npmjs.org/remove-trailing-separator 30ms (from cache)
313 silly pacote range manifest for remove-trailing-separator@^1.0.1 fetched in 31ms
314 silly resolveWithNewModule remove-trailing-separator@1.1.0 checking installable status
315 http fetch GET 304 https://registry.npmjs.org/for-own 37ms (from cache)
316 silly pacote range manifest for for-own@^0.1.4 fetched in 44ms
317 silly resolveWithNewModule for-own@0.1.5 checking installable status
318 http fetch GET 304 https://registry.npmjs.org/is-extendable 45ms (from cache)
319 silly pacote range manifest for is-extendable@^0.1.1 fetched in 46ms
320 silly resolveWithNewModule is-extendable@0.1.1 checking installable status
321 http fetch GET 304 https://registry.npmjs.org/for-in 28ms (from cache)
322 silly pacote range manifest for for-in@^1.0.1 fetched in 30ms
323 silly resolveWithNewModule for-in@1.0.2 checking installable status
324 http fetch GET 304 https://registry.npmjs.org/glob-base 34ms (from cache)
325 http fetch GET 304 https://registry.npmjs.org/is-dotfile 35ms (from cache)
326 silly pacote range manifest for glob-base@^0.3.0 fetched in 36ms
327 silly resolveWithNewModule glob-base@0.3.0 checking installable status
328 silly pacote range manifest for is-dotfile@^1.0.0 fetched in 37ms
329 silly resolveWithNewModule is-dotfile@1.0.3 checking installable status
330 http fetch GET 304 https://registry.npmjs.org/is-equal-shallow 28ms (from cache)
331 silly pacote range manifest for is-equal-shallow@^0.1.3 fetched in 30ms
332 silly resolveWithNewModule is-equal-shallow@0.1.3 checking installable status
333 http fetch GET 304 https://registry.npmjs.org/is-primitive 31ms (from cache)
334 silly pacote range manifest for is-primitive@^2.0.0 fetched in 32ms
335 silly resolveWithNewModule is-primitive@2.0.0 checking installable status
336 http fetch GET 304 https://registry.npmjs.org/nan 30ms (from cache)
337 silly pacote range manifest for nan@^2.12.1 fetched in 34ms
338 silly resolveWithNewModule nan@2.14.0 checking installable status
339 http fetch GET 304 https://registry.npmjs.org/binary-extensions 27ms (from cache)
340 silly pacote range manifest for binary-extensions@^1.0.0 fetched in 30ms
341 silly resolveWithNewModule binary-extensions@1.13.1 checking installable status
342 silly pacote range manifest for micromatch@^3.1.10 fetched in 4ms
343 silly resolveWithNewModule micromatch@3.1.10 checking installable status
344 http fetch GET 304 https://registry.npmjs.org/graceful-fs 32ms (from cache)
345 silly pacote range manifest for graceful-fs@^4.1.11 fetched in 36ms
346 silly resolveWithNewModule graceful-fs@4.2.2 checking installable status
347 http fetch GET 304 https://registry.npmjs.org/readable-stream 36ms (from cache)
348 silly pacote range manifest for readable-stream@^2.0.2 fetched in 39ms
349 silly resolveWithNewModule readable-stream@2.3.6 checking installable status
350 silly pacote range manifest for arr-diff@^4.0.0 fetched in 6ms
351 silly resolveWithNewModule arr-diff@4.0.0 checking installable status
352 silly pacote range manifest for array-unique@^0.3.2 fetched in 7ms
353 silly resolveWithNewModule array-unique@0.3.2 checking installable status
354 silly pacote range manifest for braces@^2.3.1 fetched in 8ms
355 silly resolveWithNewModule braces@2.3.2 checking installable status
356 silly pacote range manifest for extglob@^2.0.4 fetched in 8ms
357 silly resolveWithNewModule extglob@2.0.4 checking installable status
358 silly pacote range manifest for kind-of@^6.0.2 fetched in 8ms
359 silly resolveWithNewModule kind-of@6.0.2 checking installable status
360 http fetch GET 304 https://registry.npmjs.org/extend-shallow 51ms (from cache)
361 http fetch GET 304 https://registry.npmjs.org/fragment-cache 52ms (from cache)
362 http fetch GET 304 https://registry.npmjs.org/object.pick 52ms (from cache)
363 silly pacote range manifest for extend-shallow@^3.0.2 fetched in 55ms
364 silly resolveWithNewModule extend-shallow@3.0.2 checking installable status
365 silly pacote range manifest for fragment-cache@^0.2.1 fetched in 55ms
366 silly resolveWithNewModule fragment-cache@0.2.1 checking installable status
367 http fetch GET 304 https://registry.npmjs.org/define-property 57ms (from cache)
368 silly pacote range manifest for object.pick@^1.3.0 fetched in 55ms
369 silly resolveWithNewModule object.pick@1.3.0 checking installable status
370 http fetch GET 304 https://registry.npmjs.org/nanomatch 57ms (from cache)
371 silly pacote range manifest for define-property@^2.0.2 fetched in 60ms
372 silly resolveWithNewModule define-property@2.0.2 checking installable status
373 silly pacote range manifest for nanomatch@^1.2.9 fetched in 59ms
374 silly resolveWithNewModule nanomatch@1.2.13 checking installable status
375 http fetch GET 304 https://registry.npmjs.org/to-regex 62ms (from cache)
376 http fetch GET 304 https://registry.npmjs.org/snapdragon 64ms (from cache)
377 silly pacote range manifest for to-regex@^3.0.2 fetched in 66ms
378 silly resolveWithNewModule to-regex@3.0.2 checking installable status
379 silly pacote range manifest for snapdragon@^0.8.1 fetched in 69ms
380 silly resolveWithNewModule snapdragon@0.8.2 checking installable status
381 http fetch GET 304 https://registry.npmjs.org/regex-not 70ms (from cache)
382 silly pacote range manifest for regex-not@^1.0.0 fetched in 71ms
383 silly resolveWithNewModule regex-not@1.0.2 checking installable status
384 silly pacote range manifest for extend-shallow@^2.0.1 fetched in 3ms
385 silly resolveWithNewModule extend-shallow@2.0.1 checking installable status
386 silly pacote range manifest for fill-range@^4.0.0 fetched in 4ms
387 silly resolveWithNewModule fill-range@4.0.0 checking installable status
388 silly pacote range manifest for isobject@^3.0.1 fetched in 5ms
389 silly resolveWithNewModule isobject@3.0.1 checking installable status
390 http fetch GET 304 https://registry.npmjs.org/snapdragon-node 70ms (from cache)
391 http fetch GET 304 https://registry.npmjs.org/split-string 72ms (from cache)
392 silly pacote range manifest for snapdragon-node@^2.0.1 fetched in 73ms
393 silly resolveWithNewModule snapdragon-node@2.1.1 checking installable status
394 silly pacote range manifest for split-string@^3.0.2 fetched in 74ms
395 silly resolveWithNewModule split-string@3.1.0 checking installable status
396 silly pacote range manifest for extend-shallow@^2.0.1 fetched in 2ms
397 silly resolveWithNewModule extend-shallow@2.0.1 checking installable status
398 silly pacote range manifest for is-number@^3.0.0 fetched in 3ms
399 silly resolveWithNewModule is-number@3.0.0 checking installable status
400 http fetch GET 304 https://registry.npmjs.org/to-regex-range 30ms (from cache)
401 silly pacote range manifest for to-regex-range@^2.1.0 fetched in 32ms
402 silly resolveWithNewModule to-regex-range@2.1.1 checking installable status
403 silly pacote range manifest for kind-of@^3.0.2 fetched in 1ms
404 silly resolveWithNewModule kind-of@3.2.2 checking installable status
405 silly pacote range manifest for is-number@^3.0.0 fetched in 1ms
406 silly resolveWithNewModule is-number@3.0.0 checking installable status
407 silly pacote range manifest for define-property@^0.2.5 fetched in 4ms
408 silly resolveWithNewModule define-property@0.2.5 checking installable status
409 silly pacote range manifest for extend-shallow@^2.0.1 fetched in 5ms
410 silly resolveWithNewModule extend-shallow@2.0.1 checking installable status
411 http fetch GET 304 https://registry.npmjs.org/base 41ms (from cache)
412 silly pacote range manifest for base@^0.11.1 fetched in 45ms
413 silly resolveWithNewModule base@0.11.2 checking installable status
414 http fetch GET 304 https://registry.npmjs.org/debug 46ms (from cache)
415 http fetch GET 304 https://registry.npmjs.org/map-cache 47ms (from cache)
416 http fetch GET 304 https://registry.npmjs.org/source-map 51ms (from cache)
417 silly pacote range manifest for map-cache@^0.2.2 fetched in 53ms
418 silly resolveWithNewModule map-cache@0.2.2 checking installable status
419 silly pacote range manifest for source-map@^0.5.6 fetched in 57ms
420 silly resolveWithNewModule source-map@0.5.7 checking installable status
421 http fetch GET 304 https://registry.npmjs.org/source-map-resolve 60ms (from cache)
422 silly pacote range manifest for source-map-resolve@^0.5.0 fetched in 62ms
423 silly resolveWithNewModule source-map-resolve@0.5.2 checking installable status
424 http fetch GET 304 https://registry.npmjs.org/use 63ms (from cache)
425 silly pacote range manifest for use@^3.1.0 fetched in 64ms
426 silly resolveWithNewModule use@3.1.1 checking installable status
427 http fetch GET 304 https://registry.npmjs.org/debug/-/debug-2.6.9.tgz 40ms (from cache)
428 silly pacote range manifest for debug@^2.2.0 fetched in 94ms
429 silly resolveWithNewModule debug@2.6.9 checking installable status
430 silly pacote range manifest for define-property@^1.0.0 fetched in 3ms
431 silly resolveWithNewModule define-property@1.0.0 checking installable status
432 silly pacote range manifest for isobject@^3.0.1 fetched in 4ms
433 silly resolveWithNewModule isobject@3.0.1 checking installable status
434 http fetch GET 304 https://registry.npmjs.org/mixin-deep 46ms (from cache)
435 http fetch GET 304 https://registry.npmjs.org/cache-base 49ms (from cache)
436 http fetch GET 304 https://registry.npmjs.org/class-utils 50ms (from cache)
437 silly pacote range manifest for mixin-deep@^1.2.0 fetched in 49ms
438 silly resolveWithNewModule mixin-deep@1.3.2 checking installable status
439 http fetch GET 304 https://registry.npmjs.org/pascalcase 49ms (from cache)
440 http fetch GET 304 https://registry.npmjs.org/component-emitter 52ms (from cache)
441 silly pacote range manifest for cache-base@^1.0.1 fetched in 55ms
442 silly resolveWithNewModule cache-base@1.0.1 checking installable status
443 silly pacote range manifest for class-utils@^0.3.5 fetched in 55ms
444 silly resolveWithNewModule class-utils@0.3.6 checking installable status
445 silly pacote range manifest for pascalcase@^0.1.1 fetched in 54ms
446 silly resolveWithNewModule pascalcase@0.1.1 checking installable status
447 silly pacote range manifest for component-emitter@^1.2.1 fetched in 55ms
448 silly resolveWithNewModule component-emitter@1.3.0 checking installable status
449 silly pacote range manifest for isobject@^3.0.1 fetched in 4ms
450 silly resolveWithNewModule isobject@3.0.1 checking installable status
451 http fetch GET 304 https://registry.npmjs.org/collection-visit 55ms (from cache)
452 silly pacote range manifest for collection-visit@^1.0.0 fetched in 58ms
453 silly resolveWithNewModule collection-visit@1.0.0 checking installable status
454 http fetch GET 304 https://registry.npmjs.org/get-value 59ms (from cache)
455 http fetch GET 304 https://registry.npmjs.org/has-value 61ms (from cache)
456 http fetch GET 304 https://registry.npmjs.org/to-object-path 60ms (from cache)
457 silly pacote range manifest for get-value@^2.0.6 fetched in 62ms
458 silly resolveWithNewModule get-value@2.0.6 checking installable status
459 http fetch GET 304 https://registry.npmjs.org/union-value 62ms (from cache)
460 http fetch GET 304 https://registry.npmjs.org/unset-value 63ms (from cache)
461 silly pacote range manifest for has-value@^1.0.0 fetched in 65ms
462 silly resolveWithNewModule has-value@1.0.0 checking installable status
463 silly pacote range manifest for to-object-path@^0.3.0 fetched in 65ms
464 silly resolveWithNewModule to-object-path@0.3.0 checking installable status
465 http fetch GET 304 https://registry.npmjs.org/set-value 67ms (from cache)
466 silly pacote range manifest for union-value@^1.0.0 fetched in 67ms
467 silly resolveWithNewModule union-value@1.0.1 checking installable status
468 silly pacote range manifest for unset-value@^1.0.0 fetched in 68ms
469 silly resolveWithNewModule unset-value@1.0.0 checking installable status
470 silly pacote range manifest for set-value@^2.0.0 fetched in 69ms
471 silly resolveWithNewModule set-value@2.0.1 checking installable status
472 http fetch GET 304 https://registry.npmjs.org/map-visit 33ms (from cache)
473 silly pacote range manifest for map-visit@^1.0.0 fetched in 35ms
474 silly resolveWithNewModule map-visit@1.0.0 checking installable status
475 http fetch GET 304 https://registry.npmjs.org/object-visit 36ms (from cache)
476 silly pacote range manifest for object-visit@^1.0.0 fetched in 38ms
477 silly resolveWithNewModule object-visit@1.0.1 checking installable status
478 silly pacote range manifest for isobject@^3.0.0 fetched in 2ms
479 silly resolveWithNewModule isobject@3.0.1 checking installable status
480 silly pacote range manifest for isobject@^3.0.0 fetched in 1ms
481 silly resolveWithNewModule isobject@3.0.1 checking installable status
482 http fetch GET 304 https://registry.npmjs.org/has-values 27ms (from cache)
483 silly pacote range manifest for has-values@^1.0.0 fetched in 28ms
484 silly resolveWithNewModule has-values@1.0.0 checking installable status
485 silly pacote range manifest for is-number@^3.0.0 fetched in 2ms
486 silly resolveWithNewModule is-number@3.0.0 checking installable status
487 silly pacote range manifest for kind-of@^4.0.0 fetched in 2ms
488 silly resolveWithNewModule kind-of@4.0.0 checking installable status
489 silly pacote range manifest for kind-of@^3.0.2 fetched in 1ms
490 silly resolveWithNewModule kind-of@3.2.2 checking installable status
491 silly pacote range manifest for extend-shallow@^2.0.1 fetched in 6ms
492 silly resolveWithNewModule extend-shallow@2.0.1 checking installable status
493 http fetch GET 304 https://registry.npmjs.org/is-plain-object 37ms (from cache)
494 silly pacote range manifest for is-plain-object@^2.0.3 fetched in 39ms
495 silly resolveWithNewModule is-plain-object@2.0.4 checking installable status
496 silly pacote range manifest for isobject@^3.0.1 fetched in 1ms
497 silly resolveWithNewModule isobject@3.0.1 checking installable status
498 silly pacote range manifest for is-extendable@^1.0.1 fetched in 1ms
499 silly resolveWithNewModule is-extendable@1.0.1 checking installable status
500 http fetch GET 304 https://registry.npmjs.org/assign-symbols 32ms (from cache)
501 silly pacote range manifest for assign-symbols@^1.0.0 fetched in 34ms
502 silly resolveWithNewModule assign-symbols@1.0.0 checking installable status
503 http fetch GET 304 https://registry.npmjs.org/arr-union 26ms (from cache)
504 silly pacote range manifest for arr-union@^3.1.0 fetched in 28ms
505 silly resolveWithNewModule arr-union@3.1.0 checking installable status
506 silly pacote range manifest for has-value@^0.3.1 fetched in 2ms
507 silly resolveWithNewModule has-value@0.3.1 checking installable status
508 silly pacote range manifest for isobject@^3.0.0 fetched in 3ms
509 silly resolveWithNewModule isobject@3.0.1 checking installable status
510 silly pacote range manifest for has-values@^0.1.4 fetched in 2ms
511 silly resolveWithNewModule has-values@0.1.4 checking installable status
512 silly pacote range manifest for isobject@^2.0.0 fetched in 3ms
513 silly resolveWithNewModule isobject@2.1.0 checking installable status
514 silly pacote range manifest for define-property@^0.2.5 fetched in 2ms
515 silly resolveWithNewModule define-property@0.2.5 checking installable status
516 silly pacote range manifest for isobject@^3.0.0 fetched in 3ms
517 silly resolveWithNewModule isobject@3.0.1 checking installable status
518 http fetch GET 304 https://registry.npmjs.org/static-extend 34ms (from cache)
519 silly pacote range manifest for static-extend@^0.1.1 fetched in 36ms
520 silly resolveWithNewModule static-extend@0.1.2 checking installable status
521 http fetch GET 304 https://registry.npmjs.org/is-descriptor 28ms (from cache)
522 silly pacote range manifest for is-descriptor@^0.1.0 fetched in 30ms
523 silly resolveWithNewModule is-descriptor@0.1.6 checking installable status
524 silly pacote range manifest for kind-of@^5.0.0 fetched in 2ms
525 silly resolveWithNewModule kind-of@5.1.0 checking installable status
526 http fetch GET 304 https://registry.npmjs.org/is-accessor-descriptor 40ms (from cache)
527 silly pacote range manifest for is-accessor-descriptor@^0.1.6 fetched in 41ms
528 silly resolveWithNewModule is-accessor-descriptor@0.1.6 checking installable status
529 http fetch GET 304 https://registry.npmjs.org/is-data-descriptor 42ms (from cache)
530 silly pacote range manifest for is-data-descriptor@^0.1.4 fetched in 43ms
531 silly resolveWithNewModule is-data-descriptor@0.1.4 checking installable status
532 silly pacote range manifest for define-property@^0.2.5 fetched in 1ms
533 silly resolveWithNewModule define-property@0.2.5 checking installable status
534 http fetch GET 304 https://registry.npmjs.org/object-copy 35ms (from cache)
535 silly pacote range manifest for object-copy@^0.1.0 fetched in 36ms
536 silly resolveWithNewModule object-copy@0.1.0 checking installable status
537 silly pacote range manifest for define-property@^0.2.5 fetched in 1ms
538 silly resolveWithNewModule define-property@0.2.5 checking installable status
539 http fetch GET 304 https://registry.npmjs.org/copy-descriptor 25ms (from cache)
540 silly pacote range manifest for copy-descriptor@^0.1.0 fetched in 27ms
541 silly resolveWithNewModule copy-descriptor@0.1.1 checking installable status
542 silly pacote range manifest for is-descriptor@^1.0.0 fetched in 2ms
543 silly resolveWithNewModule is-descriptor@1.0.2 checking installable status
544 silly pacote range manifest for is-data-descriptor@^1.0.0 fetched in 2ms
545 silly resolveWithNewModule is-data-descriptor@1.0.0 checking installable status
546 silly pacote range manifest for is-accessor-descriptor@^1.0.0 fetched in 2ms
547 silly resolveWithNewModule is-accessor-descriptor@1.0.0 checking installable status
548 silly pacote range manifest for kind-of@^6.0.2 fetched in 3ms
549 silly resolveWithNewModule kind-of@6.0.2 checking installable status
550 silly pacote range manifest for is-extendable@^1.0.1 fetched in 1ms
551 silly resolveWithNewModule is-extendable@1.0.1 checking installable status
552 http fetch GET 304 https://registry.npmjs.org/ms 29ms (from cache)
553 silly pacote version manifest for ms@2.0.0 fetched in 31ms
554 silly resolveWithNewModule ms@2.0.0 checking installable status
555 http fetch GET 304 https://registry.npmjs.org/resolve-url 39ms (from cache)
556 silly pacote range manifest for resolve-url@^0.2.1 fetched in 42ms
557 silly resolveWithNewModule resolve-url@0.2.1 checking installable status
558 http fetch GET 304 https://registry.npmjs.org/atob 50ms (from cache)
559 http fetch GET 304 https://registry.npmjs.org/source-map-url 51ms (from cache)
560 http fetch GET 304 https://registry.npmjs.org/decode-uri-component 52ms (from cache)
561 silly pacote range manifest for atob@^2.1.1 fetched in 53ms
562 silly resolveWithNewModule atob@2.1.2 checking installable status
563 silly pacote range manifest for source-map-url@^0.4.0 fetched in 54ms
564 silly resolveWithNewModule source-map-url@0.4.0 checking installable status
565 silly pacote range manifest for decode-uri-component@^0.2.0 fetched in 55ms
566 silly resolveWithNewModule decode-uri-component@0.2.0 checking installable status
567 http fetch GET 304 https://registry.npmjs.org/urix 59ms (from cache)
568 silly pacote range manifest for urix@^0.1.0 fetched in 61ms
569 silly resolveWithNewModule urix@0.1.0 checking installable status
570 silly pacote range manifest for define-property@^1.0.0 fetched in 2ms
571 silly resolveWithNewModule define-property@1.0.0 checking installable status
572 silly pacote range manifest for isobject@^3.0.0 fetched in 3ms
573 silly resolveWithNewModule isobject@3.0.1 checking installable status
574 http fetch GET 304 https://registry.npmjs.org/snapdragon-util 31ms (from cache)
575 silly pacote range manifest for snapdragon-util@^3.0.1 fetched in 33ms
576 silly resolveWithNewModule snapdragon-util@3.0.1 checking installable status
577 silly pacote range manifest for is-descriptor@^1.0.0 fetched in 1ms
578 silly resolveWithNewModule is-descriptor@1.0.2 checking installable status
579 silly pacote range manifest for is-accessor-descriptor@^1.0.0 fetched in 1ms
580 silly resolveWithNewModule is-accessor-descriptor@1.0.0 checking installable status
581 silly pacote range manifest for is-data-descriptor@^1.0.0 fetched in 2ms
582 silly resolveWithNewModule is-data-descriptor@1.0.0 checking installable status
583 silly pacote range manifest for kind-of@^6.0.2 fetched in 3ms
584 silly resolveWithNewModule kind-of@6.0.2 checking installable status
585 http fetch GET 304 https://registry.npmjs.org/safe-regex 28ms (from cache)
586 silly pacote range manifest for safe-regex@^1.1.0 fetched in 30ms
587 silly resolveWithNewModule safe-regex@1.1.0 checking installable status
588 silly pacote range manifest for is-descriptor@^1.0.2 fetched in 2ms
589 silly resolveWithNewModule is-descriptor@1.0.2 checking installable status
590 silly pacote range manifest for isobject@^3.0.1 fetched in 2ms
591 silly resolveWithNewModule isobject@3.0.1 checking installable status
592 silly pacote range manifest for is-accessor-descriptor@^1.0.0 fetched in 2ms
593 silly resolveWithNewModule is-accessor-descriptor@1.0.0 checking installable status
594 silly pacote range manifest for is-data-descriptor@^1.0.0 fetched in 3ms
595 silly resolveWithNewModule is-data-descriptor@1.0.0 checking installable status
596 silly pacote range manifest for kind-of@^6.0.2 fetched in 3ms
597 silly resolveWithNewModule kind-of@6.0.2 checking installable status
598 http fetch GET 304 https://registry.npmjs.org/ret 28ms (from cache)
599 silly pacote range manifest for ret@~0.1.10 fetched in 30ms
600 silly resolveWithNewModule ret@0.1.15 checking installable status
601 silly pacote range manifest for extend-shallow@^2.0.1 fetched in 4ms
602 silly resolveWithNewModule extend-shallow@2.0.1 checking installable status
603 silly pacote range manifest for define-property@^1.0.0 fetched in 5ms
604 silly resolveWithNewModule define-property@1.0.0 checking installable status
605 silly pacote range manifest for expand-brackets@^2.1.4 fetched in 6ms
606 silly resolveWithNewModule expand-brackets@2.1.4 checking installable status
607 silly pacote range manifest for is-descriptor@^1.0.0 fetched in 2ms
608 silly resolveWithNewModule is-descriptor@1.0.2 checking installable status
609 silly pacote range manifest for is-data-descriptor@^1.0.0 fetched in 1ms
610 silly resolveWithNewModule is-data-descriptor@1.0.0 checking installable status
611 silly pacote range manifest for is-accessor-descriptor@^1.0.0 fetched in 2ms
612 silly resolveWithNewModule is-accessor-descriptor@1.0.0 checking installable status
613 silly pacote range manifest for extend-shallow@^2.0.1 fetched in 2ms
614 silly resolveWithNewModule extend-shallow@2.0.1 checking installable status
615 silly pacote range manifest for define-property@^0.2.5 fetched in 4ms
616 silly resolveWithNewModule define-property@0.2.5 checking installable status
617 http fetch GET 304 https://registry.npmjs.org/posix-character-classes 23ms (from cache)
618 silly pacote range manifest for posix-character-classes@^0.1.0 fetched in 24ms
619 silly resolveWithNewModule posix-character-classes@0.1.1 checking installable status
620 silly pacote range manifest for is-descriptor@^0.1.0 fetched in 2ms
621 silly resolveWithNewModule is-descriptor@0.1.6 checking installable status
622 silly pacote range manifest for is-accessor-descriptor@^0.1.6 fetched in 2ms
623 silly resolveWithNewModule is-accessor-descriptor@0.1.6 checking installable status
624 silly pacote range manifest for is-data-descriptor@^0.1.4 fetched in 3ms
625 silly resolveWithNewModule is-data-descriptor@0.1.4 checking installable status
626 silly pacote range manifest for kind-of@^5.0.0 fetched in 3ms
627 silly resolveWithNewModule kind-of@5.1.0 checking installable status
628 silly pacote range manifest for kind-of@^3.0.2 fetched in 1ms
629 silly resolveWithNewModule kind-of@3.2.2 checking installable status
630 silly pacote range manifest for kind-of@^3.0.2 fetched in 1ms
631 silly resolveWithNewModule kind-of@3.2.2 checking installable status
632 silly pacote range manifest for arr-diff@^4.0.0 fetched in 3ms
633 silly resolveWithNewModule arr-diff@4.0.0 checking installable status
634 silly pacote range manifest for array-unique@^0.3.2 fetched in 4ms
635 silly resolveWithNewModule array-unique@0.3.2 checking installable status
636 silly pacote range manifest for kind-of@^6.0.2 fetched in 3ms
637 silly resolveWithNewModule kind-of@6.0.2 checking installable status
638 http fetch GET 304 https://registry.npmjs.org/is-windows 31ms (from cache)
639 silly pacote range manifest for is-windows@^1.0.2 fetched in 32ms
640 silly resolveWithNewModule is-windows@1.0.2 checking installable status
641 silly pacote range manifest for isobject@^3.0.1 fetched in 1ms
642 silly resolveWithNewModule isobject@3.0.1 checking installable status
643 http fetch GET 304 https://registry.npmjs.org/core-util-is 36ms (from cache)
644 silly pacote range manifest for core-util-is@~1.0.0 fetched in 39ms
645 silly resolveWithNewModule core-util-is@1.0.2 checking installable status
646 http fetch GET 304 https://registry.npmjs.org/util-deprecate 39ms (from cache)
647 http fetch GET 304 https://registry.npmjs.org/process-nextick-args 41ms (from cache)
648 http fetch GET 304 https://registry.npmjs.org/safe-buffer 43ms (from cache)
649 silly pacote range manifest for util-deprecate@~1.0.1 fetched in 42ms
650 silly resolveWithNewModule util-deprecate@1.0.2 checking installable status
651 silly pacote range manifest for process-nextick-args@~2.0.0 fetched in 45ms
652 silly resolveWithNewModule process-nextick-args@2.0.1 checking installable status
653 http fetch GET 304 https://registry.npmjs.org/string_decoder 46ms (from cache)
654 silly pacote range manifest for safe-buffer@~5.1.1 fetched in 48ms
655 silly resolveWithNewModule safe-buffer@5.1.2 checking installable status
656 silly pacote range manifest for string_decoder@~1.1.1 fetched in 49ms
657 silly resolveWithNewModule string_decoder@1.1.1 checking installable status
658 http fetch GET 304 https://registry.npmjs.org/event-stream 33ms (from cache)
659 silly pacote range manifest for event-stream@~0.5 fetched in 37ms
660 silly resolveWithNewModule event-stream@0.5.3 checking installable status
661 silly pacote range manifest for optimist@0.2 fetched in 1ms
662 silly resolveWithNewModule optimist@0.2.8 checking installable status
663 http fetch GET 304 https://registry.npmjs.org/lazy 24ms (from cache)
664 silly pacote range manifest for lazy@~1.0.11 fetched in 27ms
665 silly resolveWithNewModule lazy@1.0.11 checking installable status
666 silly pacote range manifest for colors@^1.1.2 fetched in 2ms
667 silly resolveWithNewModule colors@1.4.0 checking installable status
668 silly pacote range manifest for minimist@^1.2.0 fetched in 2ms
669 silly resolveWithNewModule minimist@1.2.0 checking installable status
670 http fetch GET 304 https://registry.npmjs.org/strip-json-comments 31ms (from cache)
671 http fetch GET 304 https://registry.npmjs.org/caller 31ms (from cache)
672 silly pacote range manifest for strip-json-comments@~0.1.1 fetched in 33ms
673 silly resolveWithNewModule strip-json-comments@0.1.3 checking installable status
674 silly pacote range manifest for caller@~0.0.1 fetched in 34ms
675 silly resolveWithNewModule caller@0.0.1 checking installable status
676 http fetch GET 304 https://registry.npmjs.org/tape 26ms (from cache)
677 silly pacote range manifest for tape@~2.3.2 fetched in 30ms
678 silly resolveWithNewModule tape@2.3.3 checking installable status
679 silly pacote range manifest for deep-equal@~0.1.0 fetched in 3ms
680 silly resolveWithNewModule deep-equal@0.1.2 checking installable status
681 http fetch GET 304 https://registry.npmjs.org/jsonify 42ms (from cache)
682 http fetch GET 304 https://registry.npmjs.org/resumer 42ms (from cache)
683 silly pacote range manifest for jsonify@~0.0.0 fetched in 45ms
684 silly resolveWithNewModule jsonify@0.0.0 checking installable status
685 http fetch GET 304 https://registry.npmjs.org/defined 45ms (from cache)
686 silly pacote range manifest for resumer@~0.0.0 fetched in 44ms
687 silly resolveWithNewModule resumer@0.0.0 checking installable status
688 silly pacote range manifest for defined@~0.0.0 fetched in 46ms
689 silly resolveWithNewModule defined@0.0.0 checking installable status
690 http fetch GET 304 https://registry.npmjs.org/through 47ms (from cache)
691 silly pacote range manifest for through@~2.3.4 fetched in 48ms
692 silly resolveWithNewModule through@2.3.8 checking installable status
693 silly pacote range manifest for deep-equal@~0.2.1 fetched in 3ms
694 silly resolveWithNewModule deep-equal@0.2.2 checking installable status
695 silly pacote range manifest for ncp@1.0.x fetched in 3ms
696 silly resolveWithNewModule ncp@1.0.1 checking installable status
697 silly pacote range manifest for async@~0.9.0 fetched in 4ms
698 silly resolveWithNewModule async@0.9.2 checking installable status
699 timing stage:loadIdealTree:loadAllDepsIntoIdealTree Completed in 4366ms
700 timing stage:loadIdealTree Completed in 4560ms
701 silly currentTree lib
702 silly idealTree lib
702 silly idealTree  forever@1.0.0
702 silly idealTree    anymatch@1.3.2
702 silly idealTree    arr-diff@2.0.0
702 silly idealTree    arr-flatten@1.1.0
702 silly idealTree    arr-union@3.1.0
702 silly idealTree    array-unique@0.2.1
702 silly idealTree    assign-symbols@1.0.0
702 silly idealTree    async-each@1.0.3
702 silly idealTree    async@0.2.10
702 silly idealTree    atob@2.1.2
702 silly idealTree    balanced-match@1.0.0
702 silly idealTree    base@0.11.2
702 silly idealTree     define-property@1.0.0
702 silly idealTree     is-accessor-descriptor@1.0.0
702 silly idealTree     is-data-descriptor@1.0.0
702 silly idealTree     is-descriptor@1.0.2
702 silly idealTree     isobject@3.0.1
702 silly idealTree     kind-of@6.0.2
702 silly idealTree    binary-extensions@1.13.1
702 silly idealTree    brace-expansion@1.1.11
702 silly idealTree    braces@1.8.5
702 silly idealTree    broadway@0.3.6
702 silly idealTree     cliff@0.1.9
702 silly idealTree     utile@0.2.1
702 silly idealTree     winston@0.8.0
702 silly idealTree    cache-base@1.0.1
702 silly idealTree     isobject@3.0.1
702 silly idealTree    caller@0.0.1
702 silly idealTree    chokidar@1.7.0
702 silly idealTree    class-utils@0.3.6
702 silly idealTree     define-property@0.2.5
702 silly idealTree     isobject@3.0.1
702 silly idealTree    cliff@0.1.10
702 silly idealTree     colors@1.0.3
702 silly idealTree    clone@1.0.4
702 silly idealTree    collection-visit@1.0.0
702 silly idealTree    colors@0.6.2
702 silly idealTree    component-emitter@1.3.0
702 silly idealTree    concat-map@0.0.1
702 silly idealTree    copy-descriptor@0.1.1
702 silly idealTree    core-util-is@1.0.2
702 silly idealTree    cycle@1.0.3
702 silly idealTree    debug@2.6.9
702 silly idealTree    decode-uri-component@0.2.0
702 silly idealTree    deep-equal@1.1.0
702 silly idealTree    define-properties@1.1.3
702 silly idealTree    define-property@2.0.2
702 silly idealTree     is-accessor-descriptor@1.0.0
702 silly idealTree     is-data-descriptor@1.0.0
702 silly idealTree     is-descriptor@1.0.2
702 silly idealTree     isobject@3.0.1
702 silly idealTree     kind-of@6.0.2
702 silly idealTree    defined@0.0.0
702 silly idealTree    director@1.2.7
702 silly idealTree    event-stream@0.5.3
702 silly idealTree     optimist@0.2.8
702 silly idealTree    eventemitter2@0.4.14
702 silly idealTree    expand-brackets@0.1.5
702 silly idealTree    expand-range@1.8.2
702 silly idealTree    extend-shallow@3.0.2
702 silly idealTree     is-extendable@1.0.1
702 silly idealTree    extglob@0.3.2
702 silly idealTree    eyes@0.1.8
702 silly idealTree    filename-regex@2.0.1
702 silly idealTree    fill-range@2.2.4
702 silly idealTree    flatiron@0.4.3
702 silly idealTree     optimist@0.6.0
702 silly idealTree    for-in@1.0.2
702 silly idealTree    for-own@0.1.5
702 silly idealTree    forever-monitor@1.7.1
702 silly idealTree     utile@0.2.1
702 silly idealTree    fragment-cache@0.2.1
702 silly idealTree    fs.realpath@1.0.0
702 silly idealTree    fsevents@1.2.9
702 silly idealTree     abbrev@1.1.1
702 silly idealTree     ansi-regex@2.1.1
702 silly idealTree     aproba@1.2.0
702 silly idealTree     are-we-there-yet@1.1.5
702 silly idealTree     balanced-match@1.0.0
702 silly idealTree     brace-expansion@1.1.11
702 silly idealTree     chownr@1.1.1
702 silly idealTree     code-point-at@1.1.0
702 silly idealTree     concat-map@0.0.1
702 silly idealTree     console-control-strings@1.1.0
702 silly idealTree     core-util-is@1.0.2
702 silly idealTree     debug@4.1.1
702 silly idealTree     deep-extend@0.6.0
702 silly idealTree     delegates@1.0.0
702 silly idealTree     detect-libc@1.0.3
702 silly idealTree     fs-minipass@1.2.5
702 silly idealTree     fs.realpath@1.0.0
702 silly idealTree     gauge@2.7.4
702 silly idealTree     glob@7.1.3
702 silly idealTree     has-unicode@2.0.1
702 silly idealTree     iconv-lite@0.4.24
702 silly idealTree     ignore-walk@3.0.1
702 silly idealTree     inflight@1.0.6
702 silly idealTree     inherits@2.0.3
702 silly idealTree     ini@1.3.5
702 silly idealTree     is-fullwidth-code-point@1.0.0
702 silly idealTree     isarray@1.0.0
702 silly idealTree     minimatch@3.0.4
702 silly idealTree     minimist@0.0.8
702 silly idealTree     minipass@2.3.5
702 silly idealTree     minizlib@1.2.1
702 silly idealTree     mkdirp@0.5.1
702 silly idealTree     ms@2.1.1
702 silly idealTree     needle@2.3.0
702 silly idealTree     node-pre-gyp@0.12.0
702 silly idealTree     nopt@4.0.1
702 silly idealTree     npm-bundled@1.0.6
702 silly idealTree     npm-packlist@1.4.1
702 silly idealTree     npmlog@4.1.2
702 silly idealTree     number-is-nan@1.0.1
702 silly idealTree     object-assign@4.1.1
702 silly idealTree     once@1.4.0
702 silly idealTree     os-homedir@1.0.2
702 silly idealTree     os-tmpdir@1.0.2
702 silly idealTree     osenv@0.1.5
702 silly idealTree     path-is-absolute@1.0.1
702 silly idealTree     process-nextick-args@2.0.0
702 silly idealTree     rc@1.2.8
702 silly idealTree      minimist@1.2.0
702 silly idealTree     readable-stream@2.3.6
702 silly idealTree     rimraf@2.6.3
702 silly idealTree     safe-buffer@5.1.2
702 silly idealTree     safer-buffer@2.1.2
702 silly idealTree     sax@1.2.4
702 silly idealTree     semver@5.7.0
702 silly idealTree     set-blocking@2.0.0
702 silly idealTree     signal-exit@3.0.2
702 silly idealTree     string_decoder@1.1.1
702 silly idealTree     string-width@1.0.2
702 silly idealTree     strip-ansi@3.0.1
702 silly idealTree     strip-json-comments@2.0.1
702 silly idealTree     tar@4.4.8
702 silly idealTree     util-deprecate@1.0.2
702 silly idealTree     wide-align@1.1.3
702 silly idealTree     wrappy@1.0.2
702 silly idealTree     yallist@3.0.3
702 silly idealTree    function-bind@1.1.1
702 silly idealTree    get-value@2.0.6
702 silly idealTree    glob-base@0.3.0
702 silly idealTree    glob-parent@2.0.0
702 silly idealTree    glob@7.1.4
702 silly idealTree    graceful-fs@4.2.2
702 silly idealTree    has-value@1.0.0
702 silly idealTree     isobject@3.0.1
702 silly idealTree    has-values@1.0.0
702 silly idealTree     is-number@3.0.0
702 silly idealTree      kind-of@3.2.2
702 silly idealTree     kind-of@4.0.0
702 silly idealTree    has@1.0.3
702 silly idealTree    i@0.3.6
702 silly idealTree    inflight@1.0.6
702 silly idealTree    inherits@2.0.4
702 silly idealTree    ini@1.3.5
702 silly idealTree    is-accessor-descriptor@0.1.6
702 silly idealTree    is-arguments@1.0.4
702 silly idealTree    is-binary-path@1.0.1
702 silly idealTree    is-buffer@1.1.6
702 silly idealTree    is-data-descriptor@0.1.4
702 silly idealTree    is-date-object@1.0.1
702 silly idealTree    is-descriptor@0.1.6
702 silly idealTree     kind-of@5.1.0
702 silly idealTree    is-dotfile@1.0.3
702 silly idealTree    is-equal-shallow@0.1.3
702 silly idealTree    is-extendable@0.1.1
702 silly idealTree    is-extglob@1.0.0
702 silly idealTree    is-glob@2.0.1
702 silly idealTree    is-number@2.1.0
702 silly idealTree    is-plain-object@2.0.4
702 silly idealTree     isobject@3.0.1
702 silly idealTree    is-posix-bracket@0.1.1
702 silly idealTree    is-primitive@2.0.0
702 silly idealTree    is-regex@1.0.4
702 silly idealTree    is-windows@1.0.2
702 silly idealTree    isarray@1.0.0
702 silly idealTree    isobject@2.1.0
702 silly idealTree    isstream@0.1.2
702 silly idealTree    jsonify@0.0.0
702 silly idealTree    kind-of@3.2.2
702 silly idealTree    lazy@1.0.11
702 silly idealTree    map-cache@0.2.2
702 silly idealTree    map-visit@1.0.0
702 silly idealTree    math-random@1.0.4
702 silly idealTree    micromatch@2.3.11
702 silly idealTree    minimatch@3.0.4
702 silly idealTree    minimist@0.0.10
702 silly idealTree    mixin-deep@1.3.2
702 silly idealTree     is-extendable@1.0.1
702 silly idealTree    mkdirp@0.5.1
702 silly idealTree     minimist@0.0.8
702 silly idealTree    ms@2.0.0
702 silly idealTree    mute-stream@0.0.8
702 silly idealTree    nan@2.14.0
702 silly idealTree    nanomatch@1.2.13
702 silly idealTree     arr-diff@4.0.0
702 silly idealTree     array-unique@0.3.2
702 silly idealTree     kind-of@6.0.2
702 silly idealTree    nconf@0.6.9
702 silly idealTree     async@0.2.9
702 silly idealTree     optimist@0.6.0
702 silly idealTree    ncp@0.4.2
702 silly idealTree    normalize-path@2.1.1
702 silly idealTree    nssocket@0.5.3
702 silly idealTree    object-assign@3.0.0
702 silly idealTree    object-copy@0.1.0
702 silly idealTree     define-property@0.2.5
702 silly idealTree    object-is@1.0.1
702 silly idealTree    object-keys@1.1.1
702 silly idealTree    object-visit@1.0.1
702 silly idealTree     isobject@3.0.1
702 silly idealTree    object.omit@2.0.1
702 silly idealTree    object.pick@1.3.0
702 silly idealTree     isobject@3.0.1
702 silly idealTree    once@1.4.0
702 silly idealTree    optimist@0.6.1
702 silly idealTree    parse-glob@3.0.4
702 silly idealTree    pascalcase@0.1.1
702 silly idealTree    path-is-absolute@1.0.1
702 silly idealTree    pkginfo@0.3.1
702 silly idealTree    posix-character-classes@0.1.1
702 silly idealTree    preserve@0.2.0
702 silly idealTree    prettyjson@1.2.1
702 silly idealTree     colors@1.4.0
702 silly idealTree     minimist@1.2.0
702 silly idealTree    process-nextick-args@2.0.1
702 silly idealTree    prompt@0.2.14
702 silly idealTree     utile@0.2.1
702 silly idealTree    ps-tree@0.0.3
702 silly idealTree    randomatic@3.1.1
702 silly idealTree     is-number@4.0.0
702 silly idealTree     kind-of@6.0.2
702 silly idealTree    read@1.0.7
702 silly idealTree    readable-stream@2.3.6
702 silly idealTree    readdirp@2.2.1
702 silly idealTree     arr-diff@4.0.0
702 silly idealTree     array-unique@0.3.2
702 silly idealTree     braces@2.3.2
702 silly idealTree      extend-shallow@2.0.1
702 silly idealTree     expand-brackets@2.1.4
702 silly idealTree      define-property@0.2.5
702 silly idealTree      extend-shallow@2.0.1
702 silly idealTree      is-accessor-descriptor@0.1.6
702 silly idealTree       kind-of@3.2.2
702 silly idealTree      is-data-descriptor@0.1.4
702 silly idealTree       kind-of@3.2.2
702 silly idealTree      is-descriptor@0.1.6
702 silly idealTree      kind-of@5.1.0
702 silly idealTree     extglob@2.0.4
702 silly idealTree      define-property@1.0.0
702 silly idealTree      extend-shallow@2.0.1
702 silly idealTree     fill-range@4.0.0
702 silly idealTree      extend-shallow@2.0.1
702 silly idealTree     is-accessor-descriptor@1.0.0
702 silly idealTree     is-data-descriptor@1.0.0
702 silly idealTree     is-descriptor@1.0.2
702 silly idealTree     is-number@3.0.0
702 silly idealTree      kind-of@3.2.2
702 silly idealTree     isobject@3.0.1
702 silly idealTree     kind-of@6.0.2
702 silly idealTree     micromatch@3.1.10
702 silly idealTree    regex-cache@0.4.4
702 silly idealTree    regex-not@1.0.2
702 silly idealTree    regexp.prototype.flags@1.2.0
702 silly idealTree    remove-trailing-separator@1.1.0
702 silly idealTree    repeat-element@1.1.3
702 silly idealTree    repeat-string@1.6.1
702 silly idealTree    resolve-url@0.2.1
702 silly idealTree    resumer@0.0.0
702 silly idealTree    ret@0.1.15
702 silly idealTree    revalidator@0.1.8
702 silly idealTree    rimraf@2.7.1
702 silly idealTree    safe-buffer@5.1.2
702 silly idealTree    safe-regex@1.1.0
702 silly idealTree    set-value@2.0.1
702 silly idealTree     extend-shallow@2.0.1
702 silly idealTree    shush@1.0.0
702 silly idealTree    snapdragon-node@2.1.1
702 silly idealTree     define-property@1.0.0
702 silly idealTree     is-accessor-descriptor@1.0.0
702 silly idealTree     is-data-descriptor@1.0.0
702 silly idealTree     is-descriptor@1.0.2
702 silly idealTree     isobject@3.0.1
702 silly idealTree     kind-of@6.0.2
702 silly idealTree    snapdragon-util@3.0.1
702 silly idealTree    snapdragon@0.8.2
702 silly idealTree     define-property@0.2.5
702 silly idealTree     extend-shallow@2.0.1
702 silly idealTree    source-map-resolve@0.5.2
702 silly idealTree    source-map-url@0.4.0
702 silly idealTree    source-map@0.5.7
702 silly idealTree    split-string@3.1.0
702 silly idealTree    stack-trace@0.0.10
702 silly idealTree    static-extend@0.1.2
702 silly idealTree     define-property@0.2.5
702 silly idealTree    string_decoder@1.1.1
702 silly idealTree    strip-json-comments@0.1.3
702 silly idealTree    tape@2.3.3
702 silly idealTree     deep-equal@0.1.2
702 silly idealTree    through@2.3.8
702 silly idealTree    to-object-path@0.3.0
702 silly idealTree    to-regex-range@2.1.1
702 silly idealTree     is-number@3.0.0
702 silly idealTree    to-regex@3.0.2
702 silly idealTree    union-value@1.0.1
702 silly idealTree    unset-value@1.0.0
702 silly idealTree     has-value@0.3.1
702 silly idealTree      isobject@2.1.0
702 silly idealTree     has-values@0.1.4
702 silly idealTree     isobject@3.0.1
702 silly idealTree    urix@0.1.0
702 silly idealTree    use@3.1.1
702 silly idealTree    util-deprecate@1.0.2
702 silly idealTree    utile@0.3.0
702 silly idealTree     async@0.9.2
702 silly idealTree     deep-equal@0.2.2
702 silly idealTree     ncp@1.0.1
702 silly idealTree    winston@0.8.3
702 silly idealTree    wordwrap@0.0.3
702 silly idealTree    wrappy@1.0.2
703 silly install generateActionsToTake
704 warn checkPermissions Missing write access to /usr/lib/node_modules
705 timing stage:rollbackFailedOptional Completed in 1ms
706 timing stage:runTopLevelLifecycles Completed in 4975ms
707 verbose stack Error: EACCES: permission denied, access '/usr/lib/node_modules'
708 verbose cwd /home/sm6336
709 verbose Linux 4.15.0-45-generic
710 verbose argv "/usr/bin/node" "/usr/bin/npm" "install" "forever" "-g"
711 verbose node v8.16.1
712 verbose npm  v6.4.1
713 error path /usr/lib/node_modules
714 error code EACCES
715 error errno -13
716 error syscall access
717 error Error: EACCES: permission denied, access '/usr/lib/node_modules'
717 error  { Error: EACCES: permission denied, access '/usr/lib/node_modules'
717 error   stack: 'Error: EACCES: permission denied, access \'/usr/lib/node_modules\'',
717 error   errno: -13,
717 error   code: 'EACCES',
717 error   syscall: 'access',
717 error   path: '/usr/lib/node_modules' }
718 error The operation was rejected by your operating system.
718 error It is likely you do not have the permissions to access this file as the current user
718 error
718 error If you believe this might be a permissions issue, please double-check the
718 error permissions of the file and its containing directories, or try running
718 error the command again as root/Administrator (though this is not recommended).
719 verbose exit [ -13, true ]
