server is running
{ top: 'asdf', pants: 'asdf', shoes: '', bag: '', coat: '' }
{}
IncomingMessage {
  _readableState: 
   ReadableState {
     objectMode: false,
     highWaterMark: 16384,
     buffer: BufferList { head: null, tail: null, length: 0 },
     length: 0,
     pipes: null,
     pipesCount: 0,
     flowing: true,
     ended: true,
     endEmitted: true,
     reading: false,
     sync: false,
     needReadable: false,
     emittedReadable: false,
     readableListening: false,
     resumeScheduled: false,
     destroyed: false,
     defaultEncoding: 'utf8',
     awaitDrain: 0,
     readingMore: false,
     decoder: null,
     encoding: null },
  readable: false,
  domain: null,
  _events: { end: [Function: resetHeadersTimeoutOnReqEnd] },
  _eventsCount: 1,
  _maxListeners: undefined,
  socket: 
   Socket {
     connecting: false,
     _hadError: false,
     _handle: 
      TCP {
        reading: true,
        owner: [Circular],
        onread: [Function: onread],
        onconnection: null,
        writeQueueSize: 0,
        _consumed: true },
     _parent: null,
     _host: null,
     _readableState: 
      ReadableState {
        objectMode: false,
        highWaterMark: 16384,
        buffer: [Object],
        length: 0,
        pipes: null,
        pipesCount: 0,
        flowing: true,
        ended: false,
        endEmitted: false,
        reading: true,
        sync: false,
        needReadable: true,
        emittedReadable: false,
        readableListening: false,
        resumeScheduled: false,
        destroyed: false,
        defaultEncoding: 'utf8',
        awaitDrain: 0,
        readingMore: false,
        decoder: null,
        encoding: null },
     readable: true,
     domain: null,
     _events: 
      { end: [Array],
        _socketEnd: [Function: onSocketEnd],
        drain: [Array],
        timeout: [Function: socketOnTimeout],
        data: [Function: bound socketOnData],
        error: [Function: socketOnError],
        close: [Array],
        resume: [Function: onSocketResume],
        pause: [Function: onSocketPause] },
     _eventsCount: 9,
     _maxListeners: undefined,
     _writableState: 
      WritableState {
        objectMode: false,
        highWaterMark: 16384,
        finalCalled: false,
        needDrain: false,
        ending: false,
        ended: false,
        finished: false,
        destroyed: false,
        decodeStrings: false,
        defaultEncoding: 'utf8',
        length: 0,
        writing: false,
        corked: 0,
        sync: true,
        bufferProcessing: false,
        onwrite: [Function: bound onwrite],
        writecb: null,
        writelen: 0,
        bufferedRequest: null,
        lastBufferedRequest: null,
        pendingcb: 0,
        prefinished: false,
        errorEmitted: false,
        bufferedRequestCount: 0,
        corkedRequestsFree: [Object] },
     writable: true,
     allowHalfOpen: true,
     _bytesDispatched: 0,
     _sockname: null,
     _pendingData: null,
     _pendingEncoding: '',
     server: 
      Server {
        domain: null,
        _events: [Object],
        _eventsCount: 2,
        _maxListeners: undefined,
        _connections: 2,
        _handle: [Object],
        _usingSlaves: false,
        _slaves: [],
        _unref: false,
        allowHalfOpen: true,
        pauseOnConnect: false,
        httpAllowHalfOpen: false,
        timeout: 120000,
        keepAliveTimeout: 5000,
        _pendingResponseData: 0,
        maxHeadersCount: null,
        headersTimeout: 40000,
        _connectionKey: '6::::3000',
        [Symbol(IncomingMessage)]: [Object],
        [Symbol(ServerResponse)]: [Object],
        [Symbol(asyncId)]: 4 },
     _server: 
      Server {
        domain: null,
        _events: [Object],
        _eventsCount: 2,
        _maxListeners: undefined,
        _connections: 2,
        _handle: [Object],
        _usingSlaves: false,
        _slaves: [],
        _unref: false,
        allowHalfOpen: true,
        pauseOnConnect: false,
        httpAllowHalfOpen: false,
        timeout: 120000,
        keepAliveTimeout: 5000,
        _pendingResponseData: 0,
        maxHeadersCount: null,
        headersTimeout: 40000,
        _connectionKey: '6::::3000',
        [Symbol(IncomingMessage)]: [Object],
        [Symbol(ServerResponse)]: [Object],
        [Symbol(asyncId)]: 4 },
     _idleTimeout: 120000,
     _idleNext: 
      Socket {
        connecting: false,
        _hadError: false,
        _handle: [Object],
        _parent: null,
        _host: null,
        _readableState: [Object],
        readable: true,
        domain: null,
        _events: [Object],
        _eventsCount: 9,
        _maxListeners: undefined,
        _writableState: [Object],
        writable: true,
        allowHalfOpen: true,
        _bytesDispatched: 0,
        _sockname: null,
        _pendingData: null,
        _pendingEncoding: '',
        server: [Object],
        _server: [Object],
        _idleTimeout: 120000,
        _idleNext: [Object],
        _idlePrev: [Circular],
        _idleStart: 3388362,
        _destroyed: false,
        parser: [Object],
        on: [Function: socketOnWrap],
        _paused: false,
        [Symbol(asyncId)]: 4636,
        [Symbol(bytesRead)]: 0,
        [Symbol(asyncId)]: 4637,
        [Symbol(triggerAsyncId)]: 4636 },
     _idlePrev: 
      TimersList {
        _idleNext: [Circular],
        _idlePrev: [Object],
        _timer: [Object],
        _unrefed: true,
        msecs: 120000,
        nextTick: false },
     _idleStart: 3388389,
     _destroyed: false,
     parser: 
      HTTPParser {
        '0': [Function: parserOnHeaders],
        '1': [Function: parserOnHeadersComplete],
        '2': [Function: parserOnBody],
        '3': [Function: parserOnMessageComplete],
        '4': [Function: bound onParserExecute],
        _headers: [],
        _url: '',
        _consumed: true,
        socket: [Circular],
        incoming: [Circular],
        outgoing: null,
        parsingHeadersStart: 1569820466260,
        maxHeaderPairs: 2000,
        onIncoming: [Function: bound parserOnIncoming],
        [Symbol(isReused)]: true },
     on: [Function: socketOnWrap],
     _paused: false,
     _httpMessage: 
      ServerResponse {
        domain: null,
        _events: [Object],
        _eventsCount: 1,
        _maxListeners: undefined,
        output: [],
        outputEncodings: [],
        outputCallbacks: [],
        outputSize: 0,
        writable: true,
        _last: false,
        upgrading: false,
        chunkedEncoding: false,
        shouldKeepAlive: true,
        useChunkedEncodingByDefault: true,
        sendDate: true,
        _removedConnection: false,
        _removedContLen: false,
        _removedTE: false,
        _contentLength: null,
        _hasBody: true,
        _trailer: '',
        finished: false,
        _headerSent: false,
        socket: [Circular],
        connection: [Circular],
        _header: null,
        _onPendingData: [Function: bound updateOutgoingData],
        _sent100: false,
        _expect_continue: false,
        req: [Circular],
        locals: {},
        [Symbol(outHeadersKey)]: [Object] },
     [Symbol(asyncId)]: 4630,
     [Symbol(bytesRead)]: 0,
     [Symbol(asyncId)]: 4632,
     [Symbol(triggerAsyncId)]: 4630 },
  connection: 
   Socket {
     connecting: false,
     _hadError: false,
     _handle: 
      TCP {
        reading: true,
        owner: [Circular],
        onread: [Function: onread],
        onconnection: null,
        writeQueueSize: 0,
        _consumed: true },
     _parent: null,
     _host: null,
     _readableState: 
      ReadableState {
        objectMode: false,
        highWaterMark: 16384,
        buffer: [Object],
        length: 0,
        pipes: null,
        pipesCount: 0,
        flowing: true,
        ended: false,
        endEmitted: false,
        reading: true,
        sync: false,
        needReadable: true,
        emittedReadable: false,
        readableListening: false,
        resumeScheduled: false,
        destroyed: false,
        defaultEncoding: 'utf8',
        awaitDrain: 0,
        readingMore: false,
        decoder: null,
        encoding: null },
     readable: true,
     domain: null,
     _events: 
      { end: [Array],
        _socketEnd: [Function: onSocketEnd],
        drain: [Array],
        timeout: [Function: socketOnTimeout],
        data: [Function: bound socketOnData],
        error: [Function: socketOnError],
        close: [Array],
        resume: [Function: onSocketResume],
        pause: [Function: onSocketPause] },
     _eventsCount: 9,
     _maxListeners: undefined,
     _writableState: 
      WritableState {
        objectMode: false,
        highWaterMark: 16384,
        finalCalled: false,
        needDrain: false,
        ending: false,
        ended: false,
        finished: false,
        destroyed: false,
        decodeStrings: false,
        defaultEncoding: 'utf8',
        length: 0,
        writing: false,
        corked: 0,
        sync: true,
        bufferProcessing: false,
        onwrite: [Function: bound onwrite],
        writecb: null,
        writelen: 0,
        bufferedRequest: null,
        lastBufferedRequest: null,
        pendingcb: 0,
        prefinished: false,
        errorEmitted: false,
        bufferedRequestCount: 0,
        corkedRequestsFree: [Object] },
     writable: true,
     allowHalfOpen: true,
     _bytesDispatched: 0,
     _sockname: null,
     _pendingData: null,
     _pendingEncoding: '',
     server: 
      Server {
        domain: null,
        _events: [Object],
        _eventsCount: 2,
        _maxListeners: undefined,
        _connections: 2,
        _handle: [Object],
        _usingSlaves: false,
        _slaves: [],
        _unref: false,
        allowHalfOpen: true,
        pauseOnConnect: false,
        httpAllowHalfOpen: false,
        timeout: 120000,
        keepAliveTimeout: 5000,
        _pendingResponseData: 0,
        maxHeadersCount: null,
        headersTimeout: 40000,
        _connectionKey: '6::::3000',
        [Symbol(IncomingMessage)]: [Object],
        [Symbol(ServerResponse)]: [Object],
        [Symbol(asyncId)]: 4 },
     _server: 
      Server {
        domain: null,
        _events: [Object],
        _eventsCount: 2,
        _maxListeners: undefined,
        _connections: 2,
        _handle: [Object],
        _usingSlaves: false,
        _slaves: [],
        _unref: false,
        allowHalfOpen: true,
        pauseOnConnect: false,
        httpAllowHalfOpen: false,
        timeout: 120000,
        keepAliveTimeout: 5000,
        _pendingResponseData: 0,
        maxHeadersCount: null,
        headersTimeout: 40000,
        _connectionKey: '6::::3000',
        [Symbol(IncomingMessage)]: [Object],
        [Symbol(ServerResponse)]: [Object],
        [Symbol(asyncId)]: 4 },
     _idleTimeout: 120000,
     _idleNext: 
      Socket {
        connecting: false,
        _hadError: false,
        _handle: [Object],
        _parent: null,
        _host: null,
        _readableState: [Object],
        readable: true,
        domain: null,
        _events: [Object],
        _eventsCount: 9,
        _maxListeners: undefined,
        _writableState: [Object],
        writable: true,
        allowHalfOpen: true,
        _bytesDispatched: 0,
        _sockname: null,
        _pendingData: null,
        _pendingEncoding: '',
        server: [Object],
        _server: [Object],
        _idleTimeout: 120000,
        _idleNext: [Object],
        _idlePrev: [Circular],
        _idleStart: 3388362,
        _destroyed: false,
        parser: [Object],
        on: [Function: socketOnWrap],
        _paused: false,
        [Symbol(asyncId)]: 4636,
        [Symbol(bytesRead)]: 0,
        [Symbol(asyncId)]: 4637,
        [Symbol(triggerAsyncId)]: 4636 },
     _idlePrev: 
      TimersList {
        _idleNext: [Circular],
        _idlePrev: [Object],
        _timer: [Object],
        _unrefed: true,
        msecs: 120000,
        nextTick: false },
     _idleStart: 3388389,
     _destroyed: false,
     parser: 
      HTTPParser {
        '0': [Function: parserOnHeaders],
        '1': [Function: parserOnHeadersComplete],
        '2': [Function: parserOnBody],
        '3': [Function: parserOnMessageComplete],
        '4': [Function: bound onParserExecute],
        _headers: [],
        _url: '',
        _consumed: true,
        socket: [Circular],
        incoming: [Circular],
        outgoing: null,
        parsingHeadersStart: 1569820466260,
        maxHeaderPairs: 2000,
        onIncoming: [Function: bound parserOnIncoming],
        [Symbol(isReused)]: true },
     on: [Function: socketOnWrap],
     _paused: false,
     _httpMessage: 
      ServerResponse {
        domain: null,
        _events: [Object],
        _eventsCount: 1,
        _maxListeners: undefined,
        output: [],
        outputEncodings: [],
        outputCallbacks: [],
        outputSize: 0,
        writable: true,
        _last: false,
        upgrading: false,
        chunkedEncoding: false,
        shouldKeepAlive: true,
        useChunkedEncodingByDefault: true,
        sendDate: true,
        _removedConnection: false,
        _removedContLen: false,
        _removedTE: false,
        _contentLength: null,
        _hasBody: true,
        _trailer: '',
        finished: false,
        _headerSent: false,
        socket: [Circular],
        connection: [Circular],
        _header: null,
        _onPendingData: [Function: bound updateOutgoingData],
        _sent100: false,
        _expect_continue: false,
        req: [Circular],
        locals: {},
        [Symbol(outHeadersKey)]: [Object] },
     [Symbol(asyncId)]: 4630,
     [Symbol(bytesRead)]: 0,
     [Symbol(asyncId)]: 4632,
     [Symbol(triggerAsyncId)]: 4630 },
  httpVersionMajor: 1,
  httpVersionMinor: 1,
  httpVersion: '1.1',
  complete: true,
  headers: 
   { host: '218.151.112.127:3000',
     connection: 'keep-alive',
     'content-length': '37',
     'cache-control': 'max-age=0',
     origin: 'http://218.151.112.127:3000',
     'upgrade-insecure-requests': '1',
     'content-type': 'application/x-www-form-urlencoded',
     'user-agent': 'Mozilla/5.0 (Windows NT 10.0; Win64; x64) AppleWebKit/537.36 (KHTML, like Gecko) Chrome/77.0.3865.90 Safari/537.36',
     accept: 'text/html,application/xhtml+xml,application/xml;q=0.9,image/webp,image/apng,*/*;q=0.8,application/signed-exchange;v=b3',
     referer: 'http://218.151.112.127:3000/elements.html',
     'accept-encoding': 'gzip, deflate',
     'accept-language': 'ko-KR,ko;q=0.9,en-US;q=0.8,en;q=0.7',
     cookie: 'stay_login=1; smid=Rk8ct-xF7nuGLrNEVzuLGCkz8iZ9p6kmdcDXO2Xo4WIkUsvHsWKvxN2-S5CGeHaeqiormlKDlMbKYHs7wCK6Dw; id=vXh6Yp3MfBX3w1950PDN632606' },
  rawHeaders: 
   [ 'Host',
     '218.151.112.127:3000',
     'Connection',
     'keep-alive',
     'Content-Length',
     '37',
     'Cache-Control',
     'max-age=0',
     'Origin',
     'http://218.151.112.127:3000',
     'Upgrade-Insecure-Requests',
     '1',
     'Content-Type',
     'application/x-www-form-urlencoded',
     'User-Agent',
     'Mozilla/5.0 (Windows NT 10.0; Win64; x64) AppleWebKit/537.36 (KHTML, like Gecko) Chrome/77.0.3865.90 Safari/537.36',
     'Accept',
     'text/html,application/xhtml+xml,application/xml;q=0.9,image/webp,image/apng,*/*;q=0.8,application/signed-exchange;v=b3',
     'Referer',
     'http://218.151.112.127:3000/elements.html',
     'Accept-Encoding',
     'gzip, deflate',
     'Accept-Language',
     'ko-KR,ko;q=0.9,en-US;q=0.8,en;q=0.7',
     'Cookie',
     'stay_login=1; smid=Rk8ct-xF7nuGLrNEVzuLGCkz8iZ9p6kmdcDXO2Xo4WIkUsvHsWKvxN2-S5CGeHaeqiormlKDlMbKYHs7wCK6Dw; id=vXh6Yp3MfBX3w1950PDN632606' ],
  trailers: {},
  rawTrailers: [],
  aborted: false,
  upgrade: false,
  url: '/clothes_insert',
  method: 'POST',
  statusCode: null,
  statusMessage: null,
  client: 
   Socket {
     connecting: false,
     _hadError: false,
     _handle: 
      TCP {
        reading: true,
        owner: [Circular],
        onread: [Function: onread],
        onconnection: null,
        writeQueueSize: 0,
        _consumed: true },
     _parent: null,
     _host: null,
     _readableState: 
      ReadableState {
        objectMode: false,
        highWaterMark: 16384,
        buffer: [Object],
        length: 0,
        pipes: null,
        pipesCount: 0,
        flowing: true,
        ended: false,
        endEmitted: false,
        reading: true,
        sync: false,
        needReadable: true,
        emittedReadable: false,
        readableListening: false,
        resumeScheduled: false,
        destroyed: false,
        defaultEncoding: 'utf8',
        awaitDrain: 0,
        readingMore: false,
        decoder: null,
        encoding: null },
     readable: true,
     domain: null,
     _events: 
      { end: [Array],
        _socketEnd: [Function: onSocketEnd],
        drain: [Array],
        timeout: [Function: socketOnTimeout],
        data: [Function: bound socketOnData],
        error: [Function: socketOnError],
        close: [Array],
        resume: [Function: onSocketResume],
        pause: [Function: onSocketPause] },
     _eventsCount: 9,
     _maxListeners: undefined,
     _writableState: 
      WritableState {
        objectMode: false,
        highWaterMark: 16384,
        finalCalled: false,
        needDrain: false,
        ending: false,
        ended: false,
        finished: false,
        destroyed: false,
        decodeStrings: false,
        defaultEncoding: 'utf8',
        length: 0,
        writing: false,
        corked: 0,
        sync: true,
        bufferProcessing: false,
        onwrite: [Function: bound onwrite],
        writecb: null,
        writelen: 0,
        bufferedRequest: null,
        lastBufferedRequest: null,
        pendingcb: 0,
        prefinished: false,
        errorEmitted: false,
        bufferedRequestCount: 0,
        corkedRequestsFree: [Object] },
     writable: true,
     allowHalfOpen: true,
     _bytesDispatched: 0,
     _sockname: null,
     _pendingData: null,
     _pendingEncoding: '',
     server: 
      Server {
        domain: null,
        _events: [Object],
        _eventsCount: 2,
        _maxListeners: undefined,
        _connections: 2,
        _handle: [Object],
        _usingSlaves: false,
        _slaves: [],
        _unref: false,
        allowHalfOpen: true,
        pauseOnConnect: false,
        httpAllowHalfOpen: false,
        timeout: 120000,
        keepAliveTimeout: 5000,
        _pendingResponseData: 0,
        maxHeadersCount: null,
        headersTimeout: 40000,
        _connectionKey: '6::::3000',
        [Symbol(IncomingMessage)]: [Object],
        [Symbol(ServerResponse)]: [Object],
        [Symbol(asyncId)]: 4 },
     _server: 
      Server {
        domain: null,
        _events: [Object],
        _eventsCount: 2,
        _maxListeners: undefined,
        _connections: 2,
        _handle: [Object],
        _usingSlaves: false,
        _slaves: [],
        _unref: false,
        allowHalfOpen: true,
        pauseOnConnect: false,
        httpAllowHalfOpen: false,
        timeout: 120000,
        keepAliveTimeout: 5000,
        _pendingResponseData: 0,
        maxHeadersCount: null,
        headersTimeout: 40000,
        _connectionKey: '6::::3000',
        [Symbol(IncomingMessage)]: [Object],
        [Symbol(ServerResponse)]: [Object],
        [Symbol(asyncId)]: 4 },
     _idleTimeout: 120000,
     _idleNext: 
      Socket {
        connecting: false,
        _hadError: false,
        _handle: [Object],
        _parent: null,
        _host: null,
        _readableState: [Object],
        readable: true,
        domain: null,
        _events: [Object],
        _eventsCount: 9,
        _maxListeners: undefined,
        _writableState: [Object],
        writable: true,
        allowHalfOpen: true,
        _bytesDispatched: 0,
        _sockname: null,
        _pendingData: null,
        _pendingEncoding: '',
        server: [Object],
        _server: [Object],
        _idleTimeout: 120000,
        _idleNext: [Object],
        _idlePrev: [Circular],
        _idleStart: 3388362,
        _destroyed: false,
        parser: [Object],
        on: [Function: socketOnWrap],
        _paused: false,
        [Symbol(asyncId)]: 4636,
        [Symbol(bytesRead)]: 0,
        [Symbol(asyncId)]: 4637,
        [Symbol(triggerAsyncId)]: 4636 },
     _idlePrev: 
      TimersList {
        _idleNext: [Circular],
        _idlePrev: [Object],
        _timer: [Object],
        _unrefed: true,
        msecs: 120000,
        nextTick: false },
     _idleStart: 3388389,
     _destroyed: false,
     parser: 
      HTTPParser {
        '0': [Function: parserOnHeaders],
        '1': [Function: parserOnHeadersComplete],
        '2': [Function: parserOnBody],
        '3': [Function: parserOnMessageComplete],
        '4': [Function: bound onParserExecute],
        _headers: [],
        _url: '',
        _consumed: true,
        socket: [Circular],
        incoming: [Circular],
        outgoing: null,
        parsingHeadersStart: 1569820466260,
        maxHeaderPairs: 2000,
        onIncoming: [Function: bound parserOnIncoming],
        [Symbol(isReused)]: true },
     on: [Function: socketOnWrap],
     _paused: false,
     _httpMessage: 
      ServerResponse {
        domain: null,
        _events: [Object],
        _eventsCount: 1,
        _maxListeners: undefined,
        output: [],
        outputEncodings: [],
        outputCallbacks: [],
        outputSize: 0,
        writable: true,
        _last: false,
        upgrading: false,
        chunkedEncoding: false,
        shouldKeepAlive: true,
        useChunkedEncodingByDefault: true,
        sendDate: true,
        _removedConnection: false,
        _removedContLen: false,
        _removedTE: false,
        _contentLength: null,
        _hasBody: true,
        _trailer: '',
        finished: false,
        _headerSent: false,
        socket: [Circular],
        connection: [Circular],
        _header: null,
        _onPendingData: [Function: bound updateOutgoingData],
        _sent100: false,
        _expect_continue: false,
        req: [Circular],
        locals: {},
        [Symbol(outHeadersKey)]: [Object] },
     [Symbol(asyncId)]: 4630,
     [Symbol(bytesRead)]: 0,
     [Symbol(asyncId)]: 4632,
     [Symbol(triggerAsyncId)]: 4630 },
  _consuming: true,
  _dumped: false,
  next: [Function: next],
  baseUrl: '',
  originalUrl: '/clothes_insert',
  _parsedUrl: 
   Url {
     protocol: null,
     slashes: null,
     auth: null,
     host: null,
     port: null,
     hostname: null,
     hash: null,
     search: null,
     query: null,
     pathname: '/clothes_insert',
     path: '/clothes_insert',
     href: '/clothes_insert',
     _raw: '/clothes_insert' },
  params: {},
  query: {},
  res: 
   ServerResponse {
     domain: null,
     _events: { finish: [Function: bound resOnFinish] },
     _eventsCount: 1,
     _maxListeners: undefined,
     output: [],
     outputEncodings: [],
     outputCallbacks: [],
     outputSize: 0,
     writable: true,
     _last: false,
     upgrading: false,
     chunkedEncoding: false,
     shouldKeepAlive: true,
     useChunkedEncodingByDefault: true,
     sendDate: true,
     _removedConnection: false,
     _removedContLen: false,
     _removedTE: false,
     _contentLength: null,
     _hasBody: true,
     _trailer: '',
     finished: false,
     _headerSent: false,
     socket: 
      Socket {
        connecting: false,
        _hadError: false,
        _handle: [Object],
        _parent: null,
        _host: null,
        _readableState: [Object],
        readable: true,
        domain: null,
        _events: [Object],
        _eventsCount: 9,
        _maxListeners: undefined,
        _writableState: [Object],
        writable: true,
        allowHalfOpen: true,
        _bytesDispatched: 0,
        _sockname: null,
        _pendingData: null,
        _pendingEncoding: '',
        server: [Object],
        _server: [Object],
        _idleTimeout: 120000,
        _idleNext: [Object],
        _idlePrev: [Object],
        _idleStart: 3388389,
        _destroyed: false,
        parser: [Object],
        on: [Function: socketOnWrap],
        _paused: false,
        _httpMessage: [Circular],
        [Symbol(asyncId)]: 4630,
        [Symbol(bytesRead)]: 0,
        [Symbol(asyncId)]: 4632,
        [Symbol(triggerAsyncId)]: 4630 },
     connection: 
      Socket {
        connecting: false,
        _hadError: false,
        _handle: [Object],
        _parent: null,
        _host: null,
        _readableState: [Object],
        readable: true,
        domain: null,
        _events: [Object],
        _eventsCount: 9,
        _maxListeners: undefined,
        _writableState: [Object],
        writable: true,
        allowHalfOpen: true,
        _bytesDispatched: 0,
        _sockname: null,
        _pendingData: null,
        _pendingEncoding: '',
        server: [Object],
        _server: [Object],
        _idleTimeout: 120000,
        _idleNext: [Object],
        _idlePrev: [Object],
        _idleStart: 3388389,
        _destroyed: false,
        parser: [Object],
        on: [Function: socketOnWrap],
        _paused: false,
        _httpMessage: [Circular],
        [Symbol(asyncId)]: 4630,
        [Symbol(bytesRead)]: 0,
        [Symbol(asyncId)]: 4632,
        [Symbol(triggerAsyncId)]: 4630 },
     _header: null,
     _onPendingData: [Function: bound updateOutgoingData],
     _sent100: false,
     _expect_continue: false,
     req: [Circular],
     locals: {},
     [Symbol(outHeadersKey)]: { 'x-powered-by': [Array] } },
  secret: undefined,
  cookies: 
   { stay_login: '1',
     smid: 'Rk8ct-xF7nuGLrNEVzuLGCkz8iZ9p6kmdcDXO2Xo4WIkUsvHsWKvxN2-S5CGeHaeqiormlKDlMbKYHs7wCK6Dw',
     id: 'vXh6Yp3MfBX3w1950PDN632606' },
  signedCookies: {},
  body: { top: 'asdf', pants: 'asdf', shoes: '', bag: '', coat: '' },
  _body: true,
  length: undefined,
  read: [Function],
  route: 
   Route {
     path: '/clothes_insert',
     stack: [ [Object] ],
     methods: { post: true } } }
(node:29694) DeprecationWarning: current URL string parser is deprecated, and will be removed in a future version. To use the new parser, pass option { useNewUrlParser: true } to MongoClient.connect.
(node:29694) DeprecationWarning: current Server Discovery and Monitoring engine is deprecated, and will be removed in a future version. To use the new Server Discover and Monitoring engine, pass option { useUnifiedTopology: true } to the MongoClient constructor.
(node:29694) DeprecationWarning: collection.insert is deprecated. Use insertOne, insertMany or bulkWrite instead.
insert success
{ top: 'asdf', pants: 'asdf', shoes: '', bag: '', coat: '' }
{}
IncomingMessage {
  _readableState: 
   ReadableState {
     objectMode: false,
     highWaterMark: 16384,
     buffer: BufferList { head: null, tail: null, length: 0 },
     length: 0,
     pipes: null,
     pipesCount: 0,
     flowing: true,
     ended: true,
     endEmitted: true,
     reading: false,
     sync: false,
     needReadable: false,
     emittedReadable: false,
     readableListening: false,
     resumeScheduled: false,
     destroyed: false,
     defaultEncoding: 'utf8',
     awaitDrain: 0,
     readingMore: false,
     decoder: null,
     encoding: null },
  readable: false,
  domain: null,
  _events: { end: [Function: resetHeadersTimeoutOnReqEnd] },
  _eventsCount: 1,
  _maxListeners: undefined,
  socket: 
   Socket {
     connecting: false,
     _hadError: false,
     _handle: 
      TCP {
        reading: true,
        owner: [Circular],
        onread: [Function: onread],
        onconnection: null,
        writeQueueSize: 0,
        _consumed: true },
     _parent: null,
     _host: null,
     _readableState: 
      ReadableState {
        objectMode: false,
        highWaterMark: 16384,
        buffer: [Object],
        length: 0,
        pipes: null,
        pipesCount: 0,
        flowing: true,
        ended: false,
        endEmitted: false,
        reading: true,
        sync: false,
        needReadable: true,
        emittedReadable: false,
        readableListening: false,
        resumeScheduled: false,
        destroyed: false,
        defaultEncoding: 'utf8',
        awaitDrain: 0,
        readingMore: false,
        decoder: null,
        encoding: null },
     readable: true,
     domain: null,
     _events: 
      { end: [Array],
        _socketEnd: [Function: onSocketEnd],
        drain: [Array],
        timeout: [Function: socketOnTimeout],
        data: [Function: bound socketOnData],
        error: [Function: socketOnError],
        close: [Array],
        resume: [Function: onSocketResume],
        pause: [Function: onSocketPause] },
     _eventsCount: 9,
     _maxListeners: undefined,
     _writableState: 
      WritableState {
        objectMode: false,
        highWaterMark: 16384,
        finalCalled: false,
        needDrain: false,
        ending: false,
        ended: false,
        finished: false,
        destroyed: false,
        decodeStrings: false,
        defaultEncoding: 'utf8',
        length: 0,
        writing: false,
        corked: 0,
        sync: true,
        bufferProcessing: false,
        onwrite: [Function: bound onwrite],
        writecb: null,
        writelen: 0,
        bufferedRequest: null,
        lastBufferedRequest: null,
        pendingcb: 0,
        prefinished: false,
        errorEmitted: false,
        bufferedRequestCount: 0,
        corkedRequestsFree: [Object] },
     writable: true,
     allowHalfOpen: true,
     _bytesDispatched: 0,
     _sockname: null,
     _pendingData: null,
     _pendingEncoding: '',
     server: 
      Server {
        domain: null,
        _events: [Object],
        _eventsCount: 2,
        _maxListeners: undefined,
        _connections: 2,
        _handle: [Object],
        _usingSlaves: false,
        _slaves: [],
        _unref: false,
        allowHalfOpen: true,
        pauseOnConnect: false,
        httpAllowHalfOpen: false,
        timeout: 120000,
        keepAliveTimeout: 5000,
        _pendingResponseData: 0,
        maxHeadersCount: null,
        headersTimeout: 40000,
        _connectionKey: '6::::3000',
        [Symbol(IncomingMessage)]: [Object],
        [Symbol(ServerResponse)]: [Object],
        [Symbol(asyncId)]: 4 },
     _server: 
      Server {
        domain: null,
        _events: [Object],
        _eventsCount: 2,
        _maxListeners: undefined,
        _connections: 2,
        _handle: [Object],
        _usingSlaves: false,
        _slaves: [],
        _unref: false,
        allowHalfOpen: true,
        pauseOnConnect: false,
        httpAllowHalfOpen: false,
        timeout: 120000,
        keepAliveTimeout: 5000,
        _pendingResponseData: 0,
        maxHeadersCount: null,
        headersTimeout: 40000,
        _connectionKey: '6::::3000',
        [Symbol(IncomingMessage)]: [Object],
        [Symbol(ServerResponse)]: [Object],
        [Symbol(asyncId)]: 4 },
     _idleTimeout: 120000,
     _idleNext: 
      Socket {
        connecting: false,
        _hadError: false,
        _handle: [Object],
        _parent: null,
        _host: null,
        _readableState: [Object],
        readable: true,
        domain: null,
        _events: [Object],
        _eventsCount: 9,
        _maxListeners: undefined,
        _writableState: [Object],
        writable: true,
        allowHalfOpen: true,
        _bytesDispatched: 0,
        _sockname: null,
        _pendingData: null,
        _pendingEncoding: '',
        server: [Object],
        _server: [Object],
        _idleTimeout: 120000,
        _idleNext: [Object],
        _idlePrev: [Circular],
        _idleStart: 3533648,
        _destroyed: false,
        parser: [Object],
        on: [Function: socketOnWrap],
        _paused: false,
        [Symbol(asyncId)]: 4964,
        [Symbol(bytesRead)]: 0,
        [Symbol(asyncId)]: 4965,
        [Symbol(triggerAsyncId)]: 4964 },
     _idlePrev: 
      TimersList {
        _idleNext: [Circular],
        _idlePrev: [Object],
        _timer: [Object],
        _unrefed: true,
        msecs: 120000,
        nextTick: false },
     _idleStart: 3533659,
     _destroyed: false,
     parser: 
      HTTPParser {
        '0': [Function: parserOnHeaders],
        '1': [Function: parserOnHeadersComplete],
        '2': [Function: parserOnBody],
        '3': [Function: parserOnMessageComplete],
        '4': [Function: bound onParserExecute],
        _headers: [],
        _url: '',
        _consumed: true,
        socket: [Circular],
        incoming: [Circular],
        outgoing: null,
        parsingHeadersStart: 1569820611545,
        maxHeaderPairs: 2000,
        onIncoming: [Function: bound parserOnIncoming],
        [Symbol(isReused)]: true },
     on: [Function: socketOnWrap],
     _paused: false,
     _httpMessage: 
      ServerResponse {
        domain: null,
        _events: [Object],
        _eventsCount: 1,
        _maxListeners: undefined,
        output: [],
        outputEncodings: [],
        outputCallbacks: [],
        outputSize: 0,
        writable: true,
        _last: false,
        upgrading: false,
        chunkedEncoding: false,
        shouldKeepAlive: true,
        useChunkedEncodingByDefault: true,
        sendDate: true,
        _removedConnection: false,
        _removedContLen: false,
        _removedTE: false,
        _contentLength: null,
        _hasBody: true,
        _trailer: '',
        finished: false,
        _headerSent: false,
        socket: [Circular],
        connection: [Circular],
        _header: null,
        _onPendingData: [Function: bound updateOutgoingData],
        _sent100: false,
        _expect_continue: false,
        req: [Circular],
        locals: {},
        [Symbol(outHeadersKey)]: [Object] },
     [Symbol(asyncId)]: 4958,
     [Symbol(bytesRead)]: 0,
     [Symbol(asyncId)]: 4960,
     [Symbol(triggerAsyncId)]: 4958 },
  connection: 
   Socket {
     connecting: false,
     _hadError: false,
     _handle: 
      TCP {
        reading: true,
        owner: [Circular],
        onread: [Function: onread],
        onconnection: null,
        writeQueueSize: 0,
        _consumed: true },
     _parent: null,
     _host: null,
     _readableState: 
      ReadableState {
        objectMode: false,
        highWaterMark: 16384,
        buffer: [Object],
        length: 0,
        pipes: null,
        pipesCount: 0,
        flowing: true,
        ended: false,
        endEmitted: false,
        reading: true,
        sync: false,
        needReadable: true,
        emittedReadable: false,
        readableListening: false,
        resumeScheduled: false,
        destroyed: false,
        defaultEncoding: 'utf8',
        awaitDrain: 0,
        readingMore: false,
        decoder: null,
        encoding: null },
     readable: true,
     domain: null,
     _events: 
      { end: [Array],
        _socketEnd: [Function: onSocketEnd],
        drain: [Array],
        timeout: [Function: socketOnTimeout],
        data: [Function: bound socketOnData],
        error: [Function: socketOnError],
        close: [Array],
        resume: [Function: onSocketResume],
        pause: [Function: onSocketPause] },
     _eventsCount: 9,
     _maxListeners: undefined,
     _writableState: 
      WritableState {
        objectMode: false,
        highWaterMark: 16384,
        finalCalled: false,
        needDrain: false,
        ending: false,
        ended: false,
        finished: false,
        destroyed: false,
        decodeStrings: false,
        defaultEncoding: 'utf8',
        length: 0,
        writing: false,
        corked: 0,
        sync: true,
        bufferProcessing: false,
        onwrite: [Function: bound onwrite],
        writecb: null,
        writelen: 0,
        bufferedRequest: null,
        lastBufferedRequest: null,
        pendingcb: 0,
        prefinished: false,
        errorEmitted: false,
        bufferedRequestCount: 0,
        corkedRequestsFree: [Object] },
     writable: true,
     allowHalfOpen: true,
     _bytesDispatched: 0,
     _sockname: null,
     _pendingData: null,
     _pendingEncoding: '',
     server: 
      Server {
        domain: null,
        _events: [Object],
        _eventsCount: 2,
        _maxListeners: undefined,
        _connections: 2,
        _handle: [Object],
        _usingSlaves: false,
        _slaves: [],
        _unref: false,
        allowHalfOpen: true,
        pauseOnConnect: false,
        httpAllowHalfOpen: false,
        timeout: 120000,
        keepAliveTimeout: 5000,
        _pendingResponseData: 0,
        maxHeadersCount: null,
        headersTimeout: 40000,
        _connectionKey: '6::::3000',
        [Symbol(IncomingMessage)]: [Object],
        [Symbol(ServerResponse)]: [Object],
        [Symbol(asyncId)]: 4 },
     _server: 
      Server {
        domain: null,
        _events: [Object],
        _eventsCount: 2,
        _maxListeners: undefined,
        _connections: 2,
        _handle: [Object],
        _usingSlaves: false,
        _slaves: [],
        _unref: false,
        allowHalfOpen: true,
        pauseOnConnect: false,
        httpAllowHalfOpen: false,
        timeout: 120000,
        keepAliveTimeout: 5000,
        _pendingResponseData: 0,
        maxHeadersCount: null,
        headersTimeout: 40000,
        _connectionKey: '6::::3000',
        [Symbol(IncomingMessage)]: [Object],
        [Symbol(ServerResponse)]: [Object],
        [Symbol(asyncId)]: 4 },
     _idleTimeout: 120000,
     _idleNext: 
      Socket {
        connecting: false,
        _hadError: false,
        _handle: [Object],
        _parent: null,
        _host: null,
        _readableState: [Object],
        readable: true,
        domain: null,
        _events: [Object],
        _eventsCount: 9,
        _maxListeners: undefined,
        _writableState: [Object],
        writable: true,
        allowHalfOpen: true,
        _bytesDispatched: 0,
        _sockname: null,
        _pendingData: null,
        _pendingEncoding: '',
        server: [Object],
        _server: [Object],
        _idleTimeout: 120000,
        _idleNext: [Object],
        _idlePrev: [Circular],
        _idleStart: 3533648,
        _destroyed: false,
        parser: [Object],
        on: [Function: socketOnWrap],
        _paused: false,
        [Symbol(asyncId)]: 4964,
        [Symbol(bytesRead)]: 0,
        [Symbol(asyncId)]: 4965,
        [Symbol(triggerAsyncId)]: 4964 },
     _idlePrev: 
      TimersList {
        _idleNext: [Circular],
        _idlePrev: [Object],
        _timer: [Object],
        _unrefed: true,
        msecs: 120000,
        nextTick: false },
     _idleStart: 3533659,
     _destroyed: false,
     parser: 
      HTTPParser {
        '0': [Function: parserOnHeaders],
        '1': [Function: parserOnHeadersComplete],
        '2': [Function: parserOnBody],
        '3': [Function: parserOnMessageComplete],
        '4': [Function: bound onParserExecute],
        _headers: [],
        _url: '',
        _consumed: true,
        socket: [Circular],
        incoming: [Circular],
        outgoing: null,
        parsingHeadersStart: 1569820611545,
        maxHeaderPairs: 2000,
        onIncoming: [Function: bound parserOnIncoming],
        [Symbol(isReused)]: true },
     on: [Function: socketOnWrap],
     _paused: false,
     _httpMessage: 
      ServerResponse {
        domain: null,
        _events: [Object],
        _eventsCount: 1,
        _maxListeners: undefined,
        output: [],
        outputEncodings: [],
        outputCallbacks: [],
        outputSize: 0,
        writable: true,
        _last: false,
        upgrading: false,
        chunkedEncoding: false,
        shouldKeepAlive: true,
        useChunkedEncodingByDefault: true,
        sendDate: true,
        _removedConnection: false,
        _removedContLen: false,
        _removedTE: false,
        _contentLength: null,
        _hasBody: true,
        _trailer: '',
        finished: false,
        _headerSent: false,
        socket: [Circular],
        connection: [Circular],
        _header: null,
        _onPendingData: [Function: bound updateOutgoingData],
        _sent100: false,
        _expect_continue: false,
        req: [Circular],
        locals: {},
        [Symbol(outHeadersKey)]: [Object] },
     [Symbol(asyncId)]: 4958,
     [Symbol(bytesRead)]: 0,
     [Symbol(asyncId)]: 4960,
     [Symbol(triggerAsyncId)]: 4958 },
  httpVersionMajor: 1,
  httpVersionMinor: 1,
  httpVersion: '1.1',
  complete: true,
  headers: 
   { host: '218.151.112.127:3000',
     connection: 'keep-alive',
     'content-length': '37',
     'cache-control': 'max-age=0',
     'upgrade-insecure-requests': '1',
     'user-agent': 'Mozilla/5.0 (Windows NT 10.0; Win64; x64) AppleWebKit/537.36 (KHTML, like Gecko) Chrome/77.0.3865.90 Safari/537.36',
     origin: 'http://218.151.112.127:3000',
     'content-type': 'application/x-www-form-urlencoded',
     accept: 'text/html,application/xhtml+xml,application/xml;q=0.9,image/webp,image/apng,*/*;q=0.8,application/signed-exchange;v=b3',
     referer: 'http://218.151.112.127:3000/elements.html',
     'accept-encoding': 'gzip, deflate',
     'accept-language': 'ko-KR,ko;q=0.9,en-US;q=0.8,en;q=0.7',
     cookie: 'stay_login=1; smid=Rk8ct-xF7nuGLrNEVzuLGCkz8iZ9p6kmdcDXO2Xo4WIkUsvHsWKvxN2-S5CGeHaeqiormlKDlMbKYHs7wCK6Dw; id=vXh6Yp3MfBX3w1950PDN632606',
     'if-none-match': 'W/"c-HdaDUhpFStRhU2txSPCOMgl+GIo"' },
  rawHeaders: 
   [ 'Host',
     '218.151.112.127:3000',
     'Connection',
     'keep-alive',
     'Content-Length',
     '37',
     'Cache-Control',
     'max-age=0',
     'Upgrade-Insecure-Requests',
     '1',
     'User-Agent',
     'Mozilla/5.0 (Windows NT 10.0; Win64; x64) AppleWebKit/537.36 (KHTML, like Gecko) Chrome/77.0.3865.90 Safari/537.36',
     'Origin',
     'http://218.151.112.127:3000',
     'Content-Type',
     'application/x-www-form-urlencoded',
     'Accept',
     'text/html,application/xhtml+xml,application/xml;q=0.9,image/webp,image/apng,*/*;q=0.8,application/signed-exchange;v=b3',
     'Referer',
     'http://218.151.112.127:3000/elements.html',
     'Accept-Encoding',
     'gzip, deflate',
     'Accept-Language',
     'ko-KR,ko;q=0.9,en-US;q=0.8,en;q=0.7',
     'Cookie',
     'stay_login=1; smid=Rk8ct-xF7nuGLrNEVzuLGCkz8iZ9p6kmdcDXO2Xo4WIkUsvHsWKvxN2-S5CGeHaeqiormlKDlMbKYHs7wCK6Dw; id=vXh6Yp3MfBX3w1950PDN632606',
     'If-None-Match',
     'W/"c-HdaDUhpFStRhU2txSPCOMgl+GIo"' ],
  trailers: {},
  rawTrailers: [],
  aborted: false,
  upgrade: false,
  url: '/clothes_insert',
  method: 'POST',
  statusCode: null,
  statusMessage: null,
  client: 
   Socket {
     connecting: false,
     _hadError: false,
     _handle: 
      TCP {
        reading: true,
        owner: [Circular],
        onread: [Function: onread],
        onconnection: null,
        writeQueueSize: 0,
        _consumed: true },
     _parent: null,
     _host: null,
     _readableState: 
      ReadableState {
        objectMode: false,
        highWaterMark: 16384,
        buffer: [Object],
        length: 0,
        pipes: null,
        pipesCount: 0,
        flowing: true,
        ended: false,
        endEmitted: false,
        reading: true,
        sync: false,
        needReadable: true,
        emittedReadable: false,
        readableListening: false,
        resumeScheduled: false,
        destroyed: false,
        defaultEncoding: 'utf8',
        awaitDrain: 0,
        readingMore: false,
        decoder: null,
        encoding: null },
     readable: true,
     domain: null,
     _events: 
      { end: [Array],
        _socketEnd: [Function: onSocketEnd],
        drain: [Array],
        timeout: [Function: socketOnTimeout],
        data: [Function: bound socketOnData],
        error: [Function: socketOnError],
        close: [Array],
        resume: [Function: onSocketResume],
        pause: [Function: onSocketPause] },
     _eventsCount: 9,
     _maxListeners: undefined,
     _writableState: 
      WritableState {
        objectMode: false,
        highWaterMark: 16384,
        finalCalled: false,
        needDrain: false,
        ending: false,
        ended: false,
        finished: false,
        destroyed: false,
        decodeStrings: false,
        defaultEncoding: 'utf8',
        length: 0,
        writing: false,
        corked: 0,
        sync: true,
        bufferProcessing: false,
        onwrite: [Function: bound onwrite],
        writecb: null,
        writelen: 0,
        bufferedRequest: null,
        lastBufferedRequest: null,
        pendingcb: 0,
        prefinished: false,
        errorEmitted: false,
        bufferedRequestCount: 0,
        corkedRequestsFree: [Object] },
     writable: true,
     allowHalfOpen: true,
     _bytesDispatched: 0,
     _sockname: null,
     _pendingData: null,
     _pendingEncoding: '',
     server: 
      Server {
        domain: null,
        _events: [Object],
        _eventsCount: 2,
        _maxListeners: undefined,
        _connections: 2,
        _handle: [Object],
        _usingSlaves: false,
        _slaves: [],
        _unref: false,
        allowHalfOpen: true,
        pauseOnConnect: false,
        httpAllowHalfOpen: false,
        timeout: 120000,
        keepAliveTimeout: 5000,
        _pendingResponseData: 0,
        maxHeadersCount: null,
        headersTimeout: 40000,
        _connectionKey: '6::::3000',
        [Symbol(IncomingMessage)]: [Object],
        [Symbol(ServerResponse)]: [Object],
        [Symbol(asyncId)]: 4 },
     _server: 
      Server {
        domain: null,
        _events: [Object],
        _eventsCount: 2,
        _maxListeners: undefined,
        _connections: 2,
        _handle: [Object],
        _usingSlaves: false,
        _slaves: [],
        _unref: false,
        allowHalfOpen: true,
        pauseOnConnect: false,
        httpAllowHalfOpen: false,
        timeout: 120000,
        keepAliveTimeout: 5000,
        _pendingResponseData: 0,
        maxHeadersCount: null,
        headersTimeout: 40000,
        _connectionKey: '6::::3000',
        [Symbol(IncomingMessage)]: [Object],
        [Symbol(ServerResponse)]: [Object],
        [Symbol(asyncId)]: 4 },
     _idleTimeout: 120000,
     _idleNext: 
      Socket {
        connecting: false,
        _hadError: false,
        _handle: [Object],
        _parent: null,
        _host: null,
        _readableState: [Object],
        readable: true,
        domain: null,
        _events: [Object],
        _eventsCount: 9,
        _maxListeners: undefined,
        _writableState: [Object],
        writable: true,
        allowHalfOpen: true,
        _bytesDispatched: 0,
        _sockname: null,
        _pendingData: null,
        _pendingEncoding: '',
        server: [Object],
        _server: [Object],
        _idleTimeout: 120000,
        _idleNext: [Object],
        _idlePrev: [Circular],
        _idleStart: 3533648,
        _destroyed: false,
        parser: [Object],
        on: [Function: socketOnWrap],
        _paused: false,
        [Symbol(asyncId)]: 4964,
        [Symbol(bytesRead)]: 0,
        [Symbol(asyncId)]: 4965,
        [Symbol(triggerAsyncId)]: 4964 },
     _idlePrev: 
      TimersList {
        _idleNext: [Circular],
        _idlePrev: [Object],
        _timer: [Object],
        _unrefed: true,
        msecs: 120000,
        nextTick: false },
     _idleStart: 3533659,
     _destroyed: false,
     parser: 
      HTTPParser {
        '0': [Function: parserOnHeaders],
        '1': [Function: parserOnHeadersComplete],
        '2': [Function: parserOnBody],
        '3': [Function: parserOnMessageComplete],
        '4': [Function: bound onParserExecute],
        _headers: [],
        _url: '',
        _consumed: true,
        socket: [Circular],
        incoming: [Circular],
        outgoing: null,
        parsingHeadersStart: 1569820611545,
        maxHeaderPairs: 2000,
        onIncoming: [Function: bound parserOnIncoming],
        [Symbol(isReused)]: true },
     on: [Function: socketOnWrap],
     _paused: false,
     _httpMessage: 
      ServerResponse {
        domain: null,
        _events: [Object],
        _eventsCount: 1,
        _maxListeners: undefined,
        output: [],
        outputEncodings: [],
        outputCallbacks: [],
        outputSize: 0,
        writable: true,
        _last: false,
        upgrading: false,
        chunkedEncoding: false,
        shouldKeepAlive: true,
        useChunkedEncodingByDefault: true,
        sendDate: true,
        _removedConnection: false,
        _removedContLen: false,
        _removedTE: false,
        _contentLength: null,
        _hasBody: true,
        _trailer: '',
        finished: false,
        _headerSent: false,
        socket: [Circular],
        connection: [Circular],
        _header: null,
        _onPendingData: [Function: bound updateOutgoingData],
        _sent100: false,
        _expect_continue: false,
        req: [Circular],
        locals: {},
        [Symbol(outHeadersKey)]: [Object] },
     [Symbol(asyncId)]: 4958,
     [Symbol(bytesRead)]: 0,
     [Symbol(asyncId)]: 4960,
     [Symbol(triggerAsyncId)]: 4958 },
  _consuming: true,
  _dumped: false,
  next: [Function: next],
  baseUrl: '',
  originalUrl: '/clothes_insert',
  _parsedUrl: 
   Url {
     protocol: null,
     slashes: null,
     auth: null,
     host: null,
     port: null,
     hostname: null,
     hash: null,
     search: null,
     query: null,
     pathname: '/clothes_insert',
     path: '/clothes_insert',
     href: '/clothes_insert',
     _raw: '/clothes_insert' },
  params: {},
  query: {},
  res: 
   ServerResponse {
     domain: null,
     _events: { finish: [Function: bound resOnFinish] },
     _eventsCount: 1,
     _maxListeners: undefined,
     output: [],
     outputEncodings: [],
     outputCallbacks: [],
     outputSize: 0,
     writable: true,
     _last: false,
     upgrading: false,
     chunkedEncoding: false,
     shouldKeepAlive: true,
     useChunkedEncodingByDefault: true,
     sendDate: true,
     _removedConnection: false,
     _removedContLen: false,
     _removedTE: false,
     _contentLength: null,
     _hasBody: true,
     _trailer: '',
     finished: false,
     _headerSent: false,
     socket: 
      Socket {
        connecting: false,
        _hadError: false,
        _handle: [Object],
        _parent: null,
        _host: null,
        _readableState: [Object],
        readable: true,
        domain: null,
        _events: [Object],
        _eventsCount: 9,
        _maxListeners: undefined,
        _writableState: [Object],
        writable: true,
        allowHalfOpen: true,
        _bytesDispatched: 0,
        _sockname: null,
        _pendingData: null,
        _pendingEncoding: '',
        server: [Object],
        _server: [Object],
        _idleTimeout: 120000,
        _idleNext: [Object],
        _idlePrev: [Object],
        _idleStart: 3533659,
        _destroyed: false,
        parser: [Object],
        on: [Function: socketOnWrap],
        _paused: false,
        _httpMessage: [Circular],
        [Symbol(asyncId)]: 4958,
        [Symbol(bytesRead)]: 0,
        [Symbol(asyncId)]: 4960,
        [Symbol(triggerAsyncId)]: 4958 },
     connection: 
      Socket {
        connecting: false,
        _hadError: false,
        _handle: [Object],
        _parent: null,
        _host: null,
        _readableState: [Object],
        readable: true,
        domain: null,
        _events: [Object],
        _eventsCount: 9,
        _maxListeners: undefined,
        _writableState: [Object],
        writable: true,
        allowHalfOpen: true,
        _bytesDispatched: 0,
        _sockname: null,
        _pendingData: null,
        _pendingEncoding: '',
        server: [Object],
        _server: [Object],
        _idleTimeout: 120000,
        _idleNext: [Object],
        _idlePrev: [Object],
        _idleStart: 3533659,
        _destroyed: false,
        parser: [Object],
        on: [Function: socketOnWrap],
        _paused: false,
        _httpMessage: [Circular],
        [Symbol(asyncId)]: 4958,
        [Symbol(bytesRead)]: 0,
        [Symbol(asyncId)]: 4960,
        [Symbol(triggerAsyncId)]: 4958 },
     _header: null,
     _onPendingData: [Function: bound updateOutgoingData],
     _sent100: false,
     _expect_continue: false,
     req: [Circular],
     locals: {},
     [Symbol(outHeadersKey)]: { 'x-powered-by': [Array] } },
  secret: undefined,
  cookies: 
   { stay_login: '1',
     smid: 'Rk8ct-xF7nuGLrNEVzuLGCkz8iZ9p6kmdcDXO2Xo4WIkUsvHsWKvxN2-S5CGeHaeqiormlKDlMbKYHs7wCK6Dw',
     id: 'vXh6Yp3MfBX3w1950PDN632606' },
  signedCookies: {},
  body: { top: 'asdf', pants: 'asdf', shoes: '', bag: '', coat: '' },
  _body: true,
  length: undefined,
  read: [Function],
  route: 
   Route {
     path: '/clothes_insert',
     stack: [ [Object] ],
     methods: { post: true } } }
insert success
{ top: 'asdf', pants: 'asdf', shoes: '', bag: '', coat: '' }
{}
IncomingMessage {
  _readableState: 
   ReadableState {
     objectMode: false,
     highWaterMark: 16384,
     buffer: BufferList { head: null, tail: null, length: 0 },
     length: 0,
     pipes: null,
     pipesCount: 0,
     flowing: true,
     ended: true,
     endEmitted: true,
     reading: false,
     sync: false,
     needReadable: false,
     emittedReadable: false,
     readableListening: false,
     resumeScheduled: false,
     destroyed: false,
     defaultEncoding: 'utf8',
     awaitDrain: 0,
     readingMore: false,
     decoder: null,
     encoding: null },
  readable: false,
  domain: null,
  _events: { end: [Function: resetHeadersTimeoutOnReqEnd] },
  _eventsCount: 1,
  _maxListeners: undefined,
  socket: 
   Socket {
     connecting: false,
     _hadError: false,
     _handle: 
      TCP {
        reading: true,
        owner: [Circular],
        onread: [Function: onread],
        onconnection: null,
        writeQueueSize: 0,
        _consumed: true },
     _parent: null,
     _host: null,
     _readableState: 
      ReadableState {
        objectMode: false,
        highWaterMark: 16384,
        buffer: [Object],
        length: 0,
        pipes: null,
        pipesCount: 0,
        flowing: true,
        ended: false,
        endEmitted: false,
        reading: true,
        sync: false,
        needReadable: true,
        emittedReadable: false,
        readableListening: false,
        resumeScheduled: false,
        destroyed: false,
        defaultEncoding: 'utf8',
        awaitDrain: 0,
        readingMore: false,
        decoder: null,
        encoding: null },
     readable: true,
     domain: null,
     _events: 
      { end: [Array],
        _socketEnd: [Function: onSocketEnd],
        drain: [Array],
        timeout: [Function: socketOnTimeout],
        data: [Function: bound socketOnData],
        error: [Function: socketOnError],
        close: [Array],
        resume: [Function: onSocketResume],
        pause: [Function: onSocketPause] },
     _eventsCount: 9,
     _maxListeners: undefined,
     _writableState: 
      WritableState {
        objectMode: false,
        highWaterMark: 16384,
        finalCalled: false,
        needDrain: false,
        ending: false,
        ended: false,
        finished: false,
        destroyed: false,
        decodeStrings: false,
        defaultEncoding: 'utf8',
        length: 0,
        writing: false,
        corked: 0,
        sync: false,
        bufferProcessing: false,
        onwrite: [Function: bound onwrite],
        writecb: null,
        writelen: 0,
        bufferedRequest: null,
        lastBufferedRequest: null,
        pendingcb: 0,
        prefinished: false,
        errorEmitted: false,
        bufferedRequestCount: 0,
        corkedRequestsFree: [Object] },
     writable: true,
     allowHalfOpen: true,
     _bytesDispatched: 223,
     _sockname: null,
     _pendingData: null,
     _pendingEncoding: '',
     server: 
      Server {
        domain: null,
        _events: [Object],
        _eventsCount: 2,
        _maxListeners: undefined,
        _connections: 2,
        _handle: [Object],
        _usingSlaves: false,
        _slaves: [],
        _unref: false,
        allowHalfOpen: true,
        pauseOnConnect: false,
        httpAllowHalfOpen: false,
        timeout: 120000,
        keepAliveTimeout: 5000,
        _pendingResponseData: 0,
        maxHeadersCount: null,
        headersTimeout: 40000,
        _connectionKey: '6::::3000',
        [Symbol(IncomingMessage)]: [Object],
        [Symbol(ServerResponse)]: [Object],
        [Symbol(asyncId)]: 4 },
     _server: 
      Server {
        domain: null,
        _events: [Object],
        _eventsCount: 2,
        _maxListeners: undefined,
        _connections: 2,
        _handle: [Object],
        _usingSlaves: false,
        _slaves: [],
        _unref: false,
        allowHalfOpen: true,
        pauseOnConnect: false,
        httpAllowHalfOpen: false,
        timeout: 120000,
        keepAliveTimeout: 5000,
        _pendingResponseData: 0,
        maxHeadersCount: null,
        headersTimeout: 40000,
        _connectionKey: '6::::3000',
        [Symbol(IncomingMessage)]: [Object],
        [Symbol(ServerResponse)]: [Object],
        [Symbol(asyncId)]: 4 },
     _idleTimeout: 120000,
     _idleNext: 
      Socket {
        connecting: false,
        _hadError: false,
        _handle: [Object],
        _parent: null,
        _host: null,
        _readableState: [Object],
        readable: true,
        domain: null,
        _events: [Object],
        _eventsCount: 9,
        _maxListeners: undefined,
        _writableState: [Object],
        writable: true,
        allowHalfOpen: true,
        _bytesDispatched: 0,
        _sockname: null,
        _pendingData: null,
        _pendingEncoding: '',
        server: [Object],
        _server: [Object],
        _idleTimeout: 120000,
        _idleNext: [Object],
        _idlePrev: [Circular],
        _idleStart: 3533648,
        _destroyed: false,
        parser: [Object],
        on: [Function: socketOnWrap],
        _paused: false,
        [Symbol(asyncId)]: 4964,
        [Symbol(bytesRead)]: 0,
        [Symbol(asyncId)]: 4965,
        [Symbol(triggerAsyncId)]: 4964 },
     _idlePrev: 
      TimersList {
        _idleNext: [Circular],
        _idlePrev: [Object],
        _timer: [Object],
        _unrefed: true,
        msecs: 120000,
        nextTick: false },
     _idleStart: 3536310,
     _destroyed: false,
     parser: 
      HTTPParser {
        '0': [Function: parserOnHeaders],
        '1': [Function: parserOnHeadersComplete],
        '2': [Function: parserOnBody],
        '3': [Function: parserOnMessageComplete],
        '4': [Function: bound onParserExecute],
        _headers: [],
        _url: '',
        _consumed: true,
        socket: [Circular],
        incoming: [Circular],
        outgoing: null,
        parsingHeadersStart: 1569820614208,
        maxHeaderPairs: 2000,
        onIncoming: [Function: bound parserOnIncoming],
        [Symbol(isReused)]: true },
     on: [Function: socketOnWrap],
     _paused: false,
     _httpMessage: 
      ServerResponse {
        domain: null,
        _events: [Object],
        _eventsCount: 1,
        _maxListeners: undefined,
        output: [],
        outputEncodings: [],
        outputCallbacks: [],
        outputSize: 0,
        writable: true,
        _last: false,
        upgrading: false,
        chunkedEncoding: false,
        shouldKeepAlive: true,
        useChunkedEncodingByDefault: true,
        sendDate: true,
        _removedConnection: false,
        _removedContLen: false,
        _removedTE: false,
        _contentLength: null,
        _hasBody: true,
        _trailer: '',
        finished: false,
        _headerSent: false,
        socket: [Circular],
        connection: [Circular],
        _header: null,
        _onPendingData: [Function: bound updateOutgoingData],
        _sent100: false,
        _expect_continue: false,
        req: [Circular],
        locals: {},
        [Symbol(outHeadersKey)]: [Object] },
     [Symbol(asyncId)]: 4958,
     [Symbol(bytesRead)]: 0,
     [Symbol(asyncId)]: 4960,
     [Symbol(triggerAsyncId)]: 4958 },
  connection: 
   Socket {
     connecting: false,
     _hadError: false,
     _handle: 
      TCP {
        reading: true,
        owner: [Circular],
        onread: [Function: onread],
        onconnection: null,
        writeQueueSize: 0,
        _consumed: true },
     _parent: null,
     _host: null,
     _readableState: 
      ReadableState {
        objectMode: false,
        highWaterMark: 16384,
        buffer: [Object],
        length: 0,
        pipes: null,
        pipesCount: 0,
        flowing: true,
        ended: false,
        endEmitted: false,
        reading: true,
        sync: false,
        needReadable: true,
        emittedReadable: false,
        readableListening: false,
        resumeScheduled: false,
        destroyed: false,
        defaultEncoding: 'utf8',
        awaitDrain: 0,
        readingMore: false,
        decoder: null,
        encoding: null },
     readable: true,
     domain: null,
     _events: 
      { end: [Array],
        _socketEnd: [Function: onSocketEnd],
        drain: [Array],
        timeout: [Function: socketOnTimeout],
        data: [Function: bound socketOnData],
        error: [Function: socketOnError],
        close: [Array],
        resume: [Function: onSocketResume],
        pause: [Function: onSocketPause] },
     _eventsCount: 9,
     _maxListeners: undefined,
     _writableState: 
      WritableState {
        objectMode: false,
        highWaterMark: 16384,
        finalCalled: false,
        needDrain: false,
        ending: false,
        ended: false,
        finished: false,
        destroyed: false,
        decodeStrings: false,
        defaultEncoding: 'utf8',
        length: 0,
        writing: false,
        corked: 0,
        sync: false,
        bufferProcessing: false,
        onwrite: [Function: bound onwrite],
        writecb: null,
        writelen: 0,
        bufferedRequest: null,
        lastBufferedRequest: null,
        pendingcb: 0,
        prefinished: false,
        errorEmitted: false,
        bufferedRequestCount: 0,
        corkedRequestsFree: [Object] },
     writable: true,
     allowHalfOpen: true,
     _bytesDispatched: 223,
     _sockname: null,
     _pendingData: null,
     _pendingEncoding: '',
     server: 
      Server {
        domain: null,
        _events: [Object],
        _eventsCount: 2,
        _maxListeners: undefined,
        _connections: 2,
        _handle: [Object],
        _usingSlaves: false,
        _slaves: [],
        _unref: false,
        allowHalfOpen: true,
        pauseOnConnect: false,
        httpAllowHalfOpen: false,
        timeout: 120000,
        keepAliveTimeout: 5000,
        _pendingResponseData: 0,
        maxHeadersCount: null,
        headersTimeout: 40000,
        _connectionKey: '6::::3000',
        [Symbol(IncomingMessage)]: [Object],
        [Symbol(ServerResponse)]: [Object],
        [Symbol(asyncId)]: 4 },
     _server: 
      Server {
        domain: null,
        _events: [Object],
        _eventsCount: 2,
        _maxListeners: undefined,
        _connections: 2,
        _handle: [Object],
        _usingSlaves: false,
        _slaves: [],
        _unref: false,
        allowHalfOpen: true,
        pauseOnConnect: false,
        httpAllowHalfOpen: false,
        timeout: 120000,
        keepAliveTimeout: 5000,
        _pendingResponseData: 0,
        maxHeadersCount: null,
        headersTimeout: 40000,
        _connectionKey: '6::::3000',
        [Symbol(IncomingMessage)]: [Object],
        [Symbol(ServerResponse)]: [Object],
        [Symbol(asyncId)]: 4 },
     _idleTimeout: 120000,
     _idleNext: 
      Socket {
        connecting: false,
        _hadError: false,
        _handle: [Object],
        _parent: null,
        _host: null,
        _readableState: [Object],
        readable: true,
        domain: null,
        _events: [Object],
        _eventsCount: 9,
        _maxListeners: undefined,
        _writableState: [Object],
        writable: true,
        allowHalfOpen: true,
        _bytesDispatched: 0,
        _sockname: null,
        _pendingData: null,
        _pendingEncoding: '',
        server: [Object],
        _server: [Object],
        _idleTimeout: 120000,
        _idleNext: [Object],
        _idlePrev: [Circular],
        _idleStart: 3533648,
        _destroyed: false,
        parser: [Object],
        on: [Function: socketOnWrap],
        _paused: false,
        [Symbol(asyncId)]: 4964,
        [Symbol(bytesRead)]: 0,
        [Symbol(asyncId)]: 4965,
        [Symbol(triggerAsyncId)]: 4964 },
     _idlePrev: 
      TimersList {
        _idleNext: [Circular],
        _idlePrev: [Object],
        _timer: [Object],
        _unrefed: true,
        msecs: 120000,
        nextTick: false },
     _idleStart: 3536310,
     _destroyed: false,
     parser: 
      HTTPParser {
        '0': [Function: parserOnHeaders],
        '1': [Function: parserOnHeadersComplete],
        '2': [Function: parserOnBody],
        '3': [Function: parserOnMessageComplete],
        '4': [Function: bound onParserExecute],
        _headers: [],
        _url: '',
        _consumed: true,
        socket: [Circular],
        incoming: [Circular],
        outgoing: null,
        parsingHeadersStart: 1569820614208,
        maxHeaderPairs: 2000,
        onIncoming: [Function: bound parserOnIncoming],
        [Symbol(isReused)]: true },
     on: [Function: socketOnWrap],
     _paused: false,
     _httpMessage: 
      ServerResponse {
        domain: null,
        _events: [Object],
        _eventsCount: 1,
        _maxListeners: undefined,
        output: [],
        outputEncodings: [],
        outputCallbacks: [],
        outputSize: 0,
        writable: true,
        _last: false,
        upgrading: false,
        chunkedEncoding: false,
        shouldKeepAlive: true,
        useChunkedEncodingByDefault: true,
        sendDate: true,
        _removedConnection: false,
        _removedContLen: false,
        _removedTE: false,
        _contentLength: null,
        _hasBody: true,
        _trailer: '',
        finished: false,
        _headerSent: false,
        socket: [Circular],
        connection: [Circular],
        _header: null,
        _onPendingData: [Function: bound updateOutgoingData],
        _sent100: false,
        _expect_continue: false,
        req: [Circular],
        locals: {},
        [Symbol(outHeadersKey)]: [Object] },
     [Symbol(asyncId)]: 4958,
     [Symbol(bytesRead)]: 0,
     [Symbol(asyncId)]: 4960,
     [Symbol(triggerAsyncId)]: 4958 },
  httpVersionMajor: 1,
  httpVersionMinor: 1,
  httpVersion: '1.1',
  complete: true,
  headers: 
   { host: '218.151.112.127:3000',
     connection: 'keep-alive',
     'content-length': '37',
     'cache-control': 'max-age=0',
     origin: 'http://218.151.112.127:3000',
     'upgrade-insecure-requests': '1',
     'content-type': 'application/x-www-form-urlencoded',
     'user-agent': 'Mozilla/5.0 (Windows NT 10.0; Win64; x64) AppleWebKit/537.36 (KHTML, like Gecko) Chrome/77.0.3865.90 Safari/537.36',
     accept: 'text/html,application/xhtml+xml,application/xml;q=0.9,image/webp,image/apng,*/*;q=0.8,application/signed-exchange;v=b3',
     referer: 'http://218.151.112.127:3000/elements.html',
     'accept-encoding': 'gzip, deflate',
     'accept-language': 'ko-KR,ko;q=0.9,en-US;q=0.8,en;q=0.7',
     cookie: 'stay_login=1; smid=Rk8ct-xF7nuGLrNEVzuLGCkz8iZ9p6kmdcDXO2Xo4WIkUsvHsWKvxN2-S5CGeHaeqiormlKDlMbKYHs7wCK6Dw; id=vXh6Yp3MfBX3w1950PDN632606' },
  rawHeaders: 
   [ 'Host',
     '218.151.112.127:3000',
     'Connection',
     'keep-alive',
     'Content-Length',
     '37',
     'Cache-Control',
     'max-age=0',
     'Origin',
     'http://218.151.112.127:3000',
     'Upgrade-Insecure-Requests',
     '1',
     'Content-Type',
     'application/x-www-form-urlencoded',
     'User-Agent',
     'Mozilla/5.0 (Windows NT 10.0; Win64; x64) AppleWebKit/537.36 (KHTML, like Gecko) Chrome/77.0.3865.90 Safari/537.36',
     'Accept',
     'text/html,application/xhtml+xml,application/xml;q=0.9,image/webp,image/apng,*/*;q=0.8,application/signed-exchange;v=b3',
     'Referer',
     'http://218.151.112.127:3000/elements.html',
     'Accept-Encoding',
     'gzip, deflate',
     'Accept-Language',
     'ko-KR,ko;q=0.9,en-US;q=0.8,en;q=0.7',
     'Cookie',
     'stay_login=1; smid=Rk8ct-xF7nuGLrNEVzuLGCkz8iZ9p6kmdcDXO2Xo4WIkUsvHsWKvxN2-S5CGeHaeqiormlKDlMbKYHs7wCK6Dw; id=vXh6Yp3MfBX3w1950PDN632606' ],
  trailers: {},
  rawTrailers: [],
  aborted: false,
  upgrade: false,
  url: '/clothes_insert',
  method: 'POST',
  statusCode: null,
  statusMessage: null,
  client: 
   Socket {
     connecting: false,
     _hadError: false,
     _handle: 
      TCP {
        reading: true,
        owner: [Circular],
        onread: [Function: onread],
        onconnection: null,
        writeQueueSize: 0,
        _consumed: true },
     _parent: null,
     _host: null,
     _readableState: 
      ReadableState {
        objectMode: false,
        highWaterMark: 16384,
        buffer: [Object],
        length: 0,
        pipes: null,
        pipesCount: 0,
        flowing: true,
        ended: false,
        endEmitted: false,
        reading: true,
        sync: false,
        needReadable: true,
        emittedReadable: false,
        readableListening: false,
        resumeScheduled: false,
        destroyed: false,
        defaultEncoding: 'utf8',
        awaitDrain: 0,
        readingMore: false,
        decoder: null,
        encoding: null },
     readable: true,
     domain: null,
     _events: 
      { end: [Array],
        _socketEnd: [Function: onSocketEnd],
        drain: [Array],
        timeout: [Function: socketOnTimeout],
        data: [Function: bound socketOnData],
        error: [Function: socketOnError],
        close: [Array],
        resume: [Function: onSocketResume],
        pause: [Function: onSocketPause] },
     _eventsCount: 9,
     _maxListeners: undefined,
     _writableState: 
      WritableState {
        objectMode: false,
        highWaterMark: 16384,
        finalCalled: false,
        needDrain: false,
        ending: false,
        ended: false,
        finished: false,
        destroyed: false,
        decodeStrings: false,
        defaultEncoding: 'utf8',
        length: 0,
        writing: false,
        corked: 0,
        sync: false,
        bufferProcessing: false,
        onwrite: [Function: bound onwrite],
        writecb: null,
        writelen: 0,
        bufferedRequest: null,
        lastBufferedRequest: null,
        pendingcb: 0,
        prefinished: false,
        errorEmitted: false,
        bufferedRequestCount: 0,
        corkedRequestsFree: [Object] },
     writable: true,
     allowHalfOpen: true,
     _bytesDispatched: 223,
     _sockname: null,
     _pendingData: null,
     _pendingEncoding: '',
     server: 
      Server {
        domain: null,
        _events: [Object],
        _eventsCount: 2,
        _maxListeners: undefined,
        _connections: 2,
        _handle: [Object],
        _usingSlaves: false,
        _slaves: [],
        _unref: false,
        allowHalfOpen: true,
        pauseOnConnect: false,
        httpAllowHalfOpen: false,
        timeout: 120000,
        keepAliveTimeout: 5000,
        _pendingResponseData: 0,
        maxHeadersCount: null,
        headersTimeout: 40000,
        _connectionKey: '6::::3000',
        [Symbol(IncomingMessage)]: [Object],
        [Symbol(ServerResponse)]: [Object],
        [Symbol(asyncId)]: 4 },
     _server: 
      Server {
        domain: null,
        _events: [Object],
        _eventsCount: 2,
        _maxListeners: undefined,
        _connections: 2,
        _handle: [Object],
        _usingSlaves: false,
        _slaves: [],
        _unref: false,
        allowHalfOpen: true,
        pauseOnConnect: false,
        httpAllowHalfOpen: false,
        timeout: 120000,
        keepAliveTimeout: 5000,
        _pendingResponseData: 0,
        maxHeadersCount: null,
        headersTimeout: 40000,
        _connectionKey: '6::::3000',
        [Symbol(IncomingMessage)]: [Object],
        [Symbol(ServerResponse)]: [Object],
        [Symbol(asyncId)]: 4 },
     _idleTimeout: 120000,
     _idleNext: 
      Socket {
        connecting: false,
        _hadError: false,
        _handle: [Object],
        _parent: null,
        _host: null,
        _readableState: [Object],
        readable: true,
        domain: null,
        _events: [Object],
        _eventsCount: 9,
        _maxListeners: undefined,
        _writableState: [Object],
        writable: true,
        allowHalfOpen: true,
        _bytesDispatched: 0,
        _sockname: null,
        _pendingData: null,
        _pendingEncoding: '',
        server: [Object],
        _server: [Object],
        _idleTimeout: 120000,
        _idleNext: [Object],
        _idlePrev: [Circular],
        _idleStart: 3533648,
        _destroyed: false,
        parser: [Object],
        on: [Function: socketOnWrap],
        _paused: false,
        [Symbol(asyncId)]: 4964,
        [Symbol(bytesRead)]: 0,
        [Symbol(asyncId)]: 4965,
        [Symbol(triggerAsyncId)]: 4964 },
     _idlePrev: 
      TimersList {
        _idleNext: [Circular],
        _idlePrev: [Object],
        _timer: [Object],
        _unrefed: true,
        msecs: 120000,
        nextTick: false },
     _idleStart: 3536310,
     _destroyed: false,
     parser: 
      HTTPParser {
        '0': [Function: parserOnHeaders],
        '1': [Function: parserOnHeadersComplete],
        '2': [Function: parserOnBody],
        '3': [Function: parserOnMessageComplete],
        '4': [Function: bound onParserExecute],
        _headers: [],
        _url: '',
        _consumed: true,
        socket: [Circular],
        incoming: [Circular],
        outgoing: null,
        parsingHeadersStart: 1569820614208,
        maxHeaderPairs: 2000,
        onIncoming: [Function: bound parserOnIncoming],
        [Symbol(isReused)]: true },
     on: [Function: socketOnWrap],
     _paused: false,
     _httpMessage: 
      ServerResponse {
        domain: null,
        _events: [Object],
        _eventsCount: 1,
        _maxListeners: undefined,
        output: [],
        outputEncodings: [],
        outputCallbacks: [],
        outputSize: 0,
        writable: true,
        _last: false,
        upgrading: false,
        chunkedEncoding: false,
        shouldKeepAlive: true,
        useChunkedEncodingByDefault: true,
        sendDate: true,
        _removedConnection: false,
        _removedContLen: false,
        _removedTE: false,
        _contentLength: null,
        _hasBody: true,
        _trailer: '',
        finished: false,
        _headerSent: false,
        socket: [Circular],
        connection: [Circular],
        _header: null,
        _onPendingData: [Function: bound updateOutgoingData],
        _sent100: false,
        _expect_continue: false,
        req: [Circular],
        locals: {},
        [Symbol(outHeadersKey)]: [Object] },
     [Symbol(asyncId)]: 4958,
     [Symbol(bytesRead)]: 0,
     [Symbol(asyncId)]: 4960,
     [Symbol(triggerAsyncId)]: 4958 },
  _consuming: true,
  _dumped: false,
  next: [Function: next],
  baseUrl: '',
  originalUrl: '/clothes_insert',
  _parsedUrl: 
   Url {
     protocol: null,
     slashes: null,
     auth: null,
     host: null,
     port: null,
     hostname: null,
     hash: null,
     search: null,
     query: null,
     pathname: '/clothes_insert',
     path: '/clothes_insert',
     href: '/clothes_insert',
     _raw: '/clothes_insert' },
  params: {},
  query: {},
  res: 
   ServerResponse {
     domain: null,
     _events: { finish: [Function: bound resOnFinish] },
     _eventsCount: 1,
     _maxListeners: undefined,
     output: [],
     outputEncodings: [],
     outputCallbacks: [],
     outputSize: 0,
     writable: true,
     _last: false,
     upgrading: false,
     chunkedEncoding: false,
     shouldKeepAlive: true,
     useChunkedEncodingByDefault: true,
     sendDate: true,
     _removedConnection: false,
     _removedContLen: false,
     _removedTE: false,
     _contentLength: null,
     _hasBody: true,
     _trailer: '',
     finished: false,
     _headerSent: false,
     socket: 
      Socket {
        connecting: false,
        _hadError: false,
        _handle: [Object],
        _parent: null,
        _host: null,
        _readableState: [Object],
        readable: true,
        domain: null,
        _events: [Object],
        _eventsCount: 9,
        _maxListeners: undefined,
        _writableState: [Object],
        writable: true,
        allowHalfOpen: true,
        _bytesDispatched: 223,
        _sockname: null,
        _pendingData: null,
        _pendingEncoding: '',
        server: [Object],
        _server: [Object],
        _idleTimeout: 120000,
        _idleNext: [Object],
        _idlePrev: [Object],
        _idleStart: 3536310,
        _destroyed: false,
        parser: [Object],
        on: [Function: socketOnWrap],
        _paused: false,
        _httpMessage: [Circular],
        [Symbol(asyncId)]: 4958,
        [Symbol(bytesRead)]: 0,
        [Symbol(asyncId)]: 4960,
        [Symbol(triggerAsyncId)]: 4958 },
     connection: 
      Socket {
        connecting: false,
        _hadError: false,
        _handle: [Object],
        _parent: null,
        _host: null,
        _readableState: [Object],
        readable: true,
        domain: null,
        _events: [Object],
        _eventsCount: 9,
        _maxListeners: undefined,
        _writableState: [Object],
        writable: true,
        allowHalfOpen: true,
        _bytesDispatched: 223,
        _sockname: null,
        _pendingData: null,
        _pendingEncoding: '',
        server: [Object],
        _server: [Object],
        _idleTimeout: 120000,
        _idleNext: [Object],
        _idlePrev: [Object],
        _idleStart: 3536310,
        _destroyed: false,
        parser: [Object],
        on: [Function: socketOnWrap],
        _paused: false,
        _httpMessage: [Circular],
        [Symbol(asyncId)]: 4958,
        [Symbol(bytesRead)]: 0,
        [Symbol(asyncId)]: 4960,
        [Symbol(triggerAsyncId)]: 4958 },
     _header: null,
     _onPendingData: [Function: bound updateOutgoingData],
     _sent100: false,
     _expect_continue: false,
     req: [Circular],
     locals: {},
     [Symbol(outHeadersKey)]: { 'x-powered-by': [Array] } },
  secret: undefined,
  cookies: 
   { stay_login: '1',
     smid: 'Rk8ct-xF7nuGLrNEVzuLGCkz8iZ9p6kmdcDXO2Xo4WIkUsvHsWKvxN2-S5CGeHaeqiormlKDlMbKYHs7wCK6Dw',
     id: 'vXh6Yp3MfBX3w1950PDN632606' },
  signedCookies: {},
  body: { top: 'asdf', pants: 'asdf', shoes: '', bag: '', coat: '' },
  _body: true,
  length: undefined,
  read: [Function],
  route: 
   Route {
     path: '/clothes_insert',
     stack: [ [Object] ],
     methods: { post: true } } }
insert success
